2022-12-21 04:28:11.401 [info] Extension host with pid 3686 started
2022-12-21 04:28:11.443 [info] Lock '/home/myhuamobboss/.vscode-server/data/User/workspaceStorage/025036779a3188e9d6d0917040f3c018/vscode.lock': Lock acquired.
2022-12-21 04:28:11.520 [info] ExtensionService#_doActivateExtension golang.go, startup: false, activationEvent: 'onLanguage:go'
2022-12-21 04:28:11.522 [info] ExtensionService#_doActivateExtension vscode.git-base, startup: true, activationEvent: '*', root cause: vscode.git
2022-12-21 04:28:11.970 [info] ExtensionService#_doActivateExtension vscode.git, startup: true, activationEvent: '*'
2022-12-21 04:28:11.971 [info] ExtensionService#_doActivateExtension vscode.github, startup: true, activationEvent: '*'
2022-12-21 04:28:12.507 [info] ExtensionService#_doActivateExtension vscode.debug-auto-launch, startup: false, activationEvent: 'onStartupFinished'
2022-12-21 04:28:12.511 [info] ExtensionService#_doActivateExtension vscode.emmet, startup: false, activationEvent: 'onStartupFinished'
2022-12-21 04:28:12.511 [info] ExtensionService#_doActivateExtension vscode.merge-conflict, startup: false, activationEvent: 'onStartupFinished'
2022-12-21 04:28:12.512 [info] Eager extensions activated
2022-12-21 04:28:13.357 [warning] [Decorations] CAPPING events from decorations provider vscode.git 1950
2022-12-21 04:28:14.422 [warning] [Decorations] CAPPING events from decorations provider vscode.git 1952
2022-12-21 04:28:17.498 [warning] [Decorations] CAPPING events from decorations provider vscode.git 1952
2022-12-21 04:28:41.895 [warning] [Decorations] CAPPING events from decorations provider vscode.git 1952
2022-12-21 04:29:59.122 [warning] [Decorations] CAPPING events from decorations provider vscode.git 1952
2022-12-21 04:30:06.048 [warning] [Decorations] CAPPING events from decorations provider vscode.git 1952
2022-12-21 04:31:04.594 [warning] [Decorations] CAPPING events from decorations provider vscode.git 1952
2022-12-21 04:31:10.841 [warning] [Decorations] CAPPING events from decorations provider vscode.git 1952
2022-12-21 04:31:31.414 [warning] [Decorations] CAPPING events from decorations provider vscode.git 1952
2022-12-21 04:31:49.657 [warning] [Decorations] CAPPING events from decorations provider vscode.git 1952
2022-12-21 04:32:05.487 [warning] [Decorations] CAPPING events from decorations provider vscode.git 1952
2022-12-21 04:33:12.255 [warning] [Decorations] CAPPING events from decorations provider vscode.git 1952
2022-12-21 04:33:50.987 [warning] [Decorations] CAPPING events from decorations provider vscode.git 1952
2022-12-21 04:34:02.162 [warning] [Decorations] CAPPING events from decorations provider vscode.git 1952
2022-12-21 04:34:07.330 [warning] [Decorations] CAPPING events from decorations provider vscode.git 1952
2022-12-21 04:35:55.803 [warning] [Decorations] CAPPING events from decorations provider vscode.git 1952
2022-12-21 04:37:07.175 [warning] [Decorations] CAPPING events from decorations provider vscode.git 1952
2022-12-21 04:37:28.279 [warning] [Decorations] CAPPING events from decorations provider vscode.git 1952
2022-12-21 04:38:00.281 [warning] [Decorations] CAPPING events from decorations provider vscode.git 1952
2022-12-21 04:39:45.900 [warning] [Decorations] CAPPING events from decorations provider vscode.git 1952
2022-12-21 04:40:05.807 [warning] [Decorations] CAPPING events from decorations provider vscode.git 1952
2022-12-21 04:41:41.551 [warning] [Decorations] CAPPING events from decorations provider vscode.git 1952
2022-12-21 04:42:23.480 [warning] [Decorations] CAPPING events from decorations provider vscode.git 1952
2022-12-21 04:42:30.940 [warning] [Decorations] CAPPING events from decorations provider vscode.git 1952
2022-12-21 04:42:36.104 [warning] [Decorations] CAPPING events from decorations provider vscode.git 1952
2022-12-21 04:42:41.306 [warning] [Decorations] CAPPING events from decorations provider vscode.git 1952
2022-12-21 04:42:46.468 [warning] [Decorations] CAPPING events from decorations provider vscode.git 1952
2022-12-21 04:42:52.362 [warning] [Decorations] CAPPING events from decorations provider vscode.git 1952
2022-12-21 04:43:02.077 [warning] [Decorations] CAPPING events from decorations provider vscode.git 1952
2022-12-21 04:43:07.302 [warning] [Decorations] CAPPING events from decorations provider vscode.git 1952
2022-12-21 04:43:12.463 [warning] [Decorations] CAPPING events from decorations provider vscode.git 1952
2022-12-21 04:43:18.383 [warning] [Decorations] CAPPING events from decorations provider vscode.git 1952
2022-12-21 04:44:16.949 [warning] [Decorations] CAPPING events from decorations provider vscode.git 1952
2022-12-21 04:44:22.667 [warning] [Decorations] CAPPING events from decorations provider vscode.git 1952
2022-12-21 04:45:13.224 [warning] [Decorations] CAPPING events from decorations provider vscode.git 1952
2022-12-21 04:45:47.037 [warning] [Decorations] CAPPING events from decorations provider vscode.git 1952
2022-12-21 04:47:15.436 [warning] [Decorations] CAPPING events from decorations provider vscode.git 1952
2022-12-21 04:47:35.081 [warning] [Decorations] CAPPING events from decorations provider vscode.git 1952
2022-12-21 04:48:17.234 [warning] [Decorations] CAPPING events from decorations provider vscode.git 1952
2022-12-21 04:48:22.404 [warning] [Decorations] CAPPING events from decorations provider vscode.git 1952
2022-12-21 04:52:14.052 [warning] [Decorations] CAPPING events from decorations provider vscode.git 1952
2022-12-21 04:52:25.514 [warning] [Decorations] CAPPING events from decorations provider vscode.git 1952
2022-12-21 04:52:34.760 [warning] [Decorations] CAPPING events from decorations provider vscode.git 1952
2022-12-21 04:52:39.930 [warning] [Decorations] CAPPING events from decorations provider vscode.git 1952
2022-12-21 04:52:45.150 [warning] [Decorations] CAPPING events from decorations provider vscode.git 1952
2022-12-21 04:52:50.380 [warning] [Decorations] CAPPING events from decorations provider vscode.git 1952
2022-12-21 04:52:55.606 [warning] [Decorations] CAPPING events from decorations provider vscode.git 1952
2022-12-21 04:53:00.776 [warning] [Decorations] CAPPING events from decorations provider vscode.git 1952
2022-12-21 04:53:05.939 [warning] [Decorations] CAPPING events from decorations provider vscode.git 1952
2022-12-21 04:54:59.026 [warning] [Decorations] CAPPING events from decorations provider vscode.git 1952
2022-12-21 04:55:05.017 [warning] [Decorations] CAPPING events from decorations provider vscode.git 1952
2022-12-21 04:55:32.794 [warning] [Decorations] CAPPING events from decorations provider vscode.git 1952
2022-12-21 04:55:37.961 [warning] [Decorations] CAPPING events from decorations provider vscode.git 1952
2022-12-21 04:55:58.974 [warning] [Decorations] CAPPING events from decorations provider vscode.git 1952
2022-12-21 04:56:28.321 [warning] [Decorations] CAPPING events from decorations provider vscode.git 1952
2022-12-21 04:56:41.934 [warning] [Decorations] CAPPING events from decorations provider vscode.git 1952
2022-12-21 04:57:03.415 [warning] [Decorations] CAPPING events from decorations provider vscode.git 1952
2022-12-21 04:57:50.083 [warning] [Decorations] CAPPING events from decorations provider vscode.git 1952
2022-12-21 04:59:12.598 [warning] [Decorations] CAPPING events from decorations provider vscode.git 1952
2022-12-21 04:59:19.724 [warning] [Decorations] CAPPING events from decorations provider vscode.git 1952
2022-12-21 04:59:36.215 [warning] [Decorations] CAPPING events from decorations provider vscode.git 1952
2022-12-21 04:59:41.383 [warning] [Decorations] CAPPING events from decorations provider vscode.git 1952
2022-12-21 04:59:46.543 [warning] [Decorations] CAPPING events from decorations provider vscode.git 1952
2022-12-21 04:59:51.719 [warning] [Decorations] CAPPING events from decorations provider vscode.git 1952
2022-12-21 05:00:03.533 [warning] [Decorations] CAPPING events from decorations provider vscode.git 1952
2022-12-21 05:00:08.695 [warning] [Decorations] CAPPING events from decorations provider vscode.git 1952
2022-12-21 05:00:13.858 [warning] [Decorations] CAPPING events from decorations provider vscode.git 1952
2022-12-21 05:00:19.071 [warning] [Decorations] CAPPING events from decorations provider vscode.git 1952
2022-12-21 05:00:24.286 [warning] [Decorations] CAPPING events from decorations provider vscode.git 1952
2022-12-21 05:00:29.448 [warning] [Decorations] CAPPING events from decorations provider vscode.git 1952
2022-12-21 05:00:34.617 [warning] [Decorations] CAPPING events from decorations provider vscode.git 1952
2022-12-21 05:00:39.829 [warning] [Decorations] CAPPING events from decorations provider vscode.git 1952
2022-12-21 05:00:44.990 [warning] [Decorations] CAPPING events from decorations provider vscode.git 1952
2022-12-21 05:00:50.214 [warning] [Decorations] CAPPING events from decorations provider vscode.git 1952
2022-12-21 05:01:40.792 [warning] [Decorations] CAPPING events from decorations provider vscode.git 1952
2022-12-21 05:01:45.967 [warning] [Decorations] CAPPING events from decorations provider vscode.git 1952
2022-12-21 05:01:51.188 [warning] [Decorations] CAPPING events from decorations provider vscode.git 1952
2022-12-21 05:01:56.713 [warning] [Decorations] CAPPING events from decorations provider vscode.git 1952
2022-12-21 05:02:01.876 [warning] [Decorations] CAPPING events from decorations provider vscode.git 1952
2022-12-21 05:03:03.820 [warning] [Decorations] CAPPING events from decorations provider vscode.git 1952
2022-12-21 05:03:42.349 [warning] [Decorations] CAPPING events from decorations provider vscode.git 1952
2022-12-21 05:03:47.530 [warning] [Decorations] CAPPING events from decorations provider vscode.git 1952
2022-12-21 05:03:57.738 [warning] [Decorations] CAPPING events from decorations provider vscode.git 1952
2022-12-21 05:04:02.914 [warning] [Decorations] CAPPING events from decorations provider vscode.git 1952
2022-12-21 05:04:08.071 [warning] [Decorations] CAPPING events from decorations provider vscode.git 1952
2022-12-21 05:04:13.237 [warning] [Decorations] CAPPING events from decorations provider vscode.git 1952
2022-12-21 05:04:18.443 [warning] [Decorations] CAPPING events from decorations provider vscode.git 1952
2022-12-21 05:04:23.667 [warning] [Decorations] CAPPING events from decorations provider vscode.git 1952
2022-12-21 05:04:28.873 [warning] [Decorations] CAPPING events from decorations provider vscode.git 1952
2022-12-21 05:04:34.078 [warning] [Decorations] CAPPING events from decorations provider vscode.git 1952
2022-12-21 05:04:39.247 [warning] [Decorations] CAPPING events from decorations provider vscode.git 1952
2022-12-21 05:04:44.405 [warning] [Decorations] CAPPING events from decorations provider vscode.git 1952
2022-12-21 05:04:49.634 [warning] [Decorations] CAPPING events from decorations provider vscode.git 1952
2022-12-21 05:04:54.800 [warning] [Decorations] CAPPING events from decorations provider vscode.git 1952
2022-12-21 05:05:00.031 [warning] [Decorations] CAPPING events from decorations provider vscode.git 1952
2022-12-21 05:05:05.228 [warning] [Decorations] CAPPING events from decorations provider vscode.git 1952
2022-12-21 05:05:10.389 [warning] [Decorations] CAPPING events from decorations provider vscode.git 1952
2022-12-21 05:05:15.886 [warning] [Decorations] CAPPING events from decorations provider vscode.git 1952
2022-12-21 05:05:40.549 [warning] [Decorations] CAPPING events from decorations provider vscode.git 1952
2022-12-21 05:05:45.718 [warning] [Decorations] CAPPING events from decorations provider vscode.git 1952
2022-12-21 05:05:50.926 [warning] [Decorations] CAPPING events from decorations provider vscode.git 1952
2022-12-21 05:05:56.146 [warning] [Decorations] CAPPING events from decorations provider vscode.git 1952
2022-12-21 05:06:01.312 [warning] [Decorations] CAPPING events from decorations provider vscode.git 1952
2022-12-21 05:06:06.543 [warning] [Decorations] CAPPING events from decorations provider vscode.git 1952
2022-12-21 05:06:11.756 [warning] [Decorations] CAPPING events from decorations provider vscode.git 1952
2022-12-21 05:06:16.919 [warning] [Decorations] CAPPING events from decorations provider vscode.git 1952
2022-12-21 05:06:22.156 [warning] [Decorations] CAPPING events from decorations provider vscode.git 1952
2022-12-21 05:06:34.087 [warning] [Decorations] CAPPING events from decorations provider vscode.git 1952
2022-12-21 05:06:39.306 [warning] [Decorations] CAPPING events from decorations provider vscode.git 1952
2022-12-21 05:06:56.189 [warning] [Decorations] CAPPING events from decorations provider vscode.git 1952
2022-12-21 05:07:01.357 [warning] [Decorations] CAPPING events from decorations provider vscode.git 1952
2022-12-21 05:07:26.347 [warning] [Decorations] CAPPING events from decorations provider vscode.git 1952
2022-12-21 05:07:31.517 [warning] [Decorations] CAPPING events from decorations provider vscode.git 1952
2022-12-21 05:07:41.100 [warning] [Decorations] CAPPING events from decorations provider vscode.git 1952
2022-12-21 05:07:48.689 [warning] [Decorations] CAPPING events from decorations provider vscode.git 1952
2022-12-21 05:08:03.924 [warning] [Decorations] CAPPING events from decorations provider vscode.git 1952
2022-12-21 05:08:09.095 [warning] [Decorations] CAPPING events from decorations provider vscode.git 1952
2022-12-21 05:08:14.266 [warning] [Decorations] CAPPING events from decorations provider vscode.git 1952
2022-12-21 05:08:32.609 [warning] [Decorations] CAPPING events from decorations provider vscode.git 1952
2022-12-21 05:08:37.782 [warning] [Decorations] CAPPING events from decorations provider vscode.git 1952
2022-12-21 05:08:43.003 [warning] [Decorations] CAPPING events from decorations provider vscode.git 1952
2022-12-21 05:09:39.230 [warning] [Decorations] CAPPING events from decorations provider vscode.git 1952
2022-12-21 05:09:44.400 [warning] [Decorations] CAPPING events from decorations provider vscode.git 1952
