2022-12-21 05:10:36.330 [info] Extension host with pid 8166 started
2022-12-21 05:10:36.368 [info] Lock '/home/myhuamobboss/.vscode-server/data/User/workspaceStorage/025036779a3188e9d6d0917040f3c018/vscode.lock': Lock acquired.
2022-12-21 05:10:36.439 [info] ExtensionService#_doActivateExtension vscode.git-base, startup: true, activationEvent: '*', root cause: vscode.git
2022-12-21 05:10:36.676 [info] ExtensionService#_doActivateExtension vscode.git, startup: true, activationEvent: '*'
2022-12-21 05:10:36.677 [info] ExtensionService#_doActivateExtension vscode.github, startup: true, activationEvent: '*'
2022-12-21 05:10:37.202 [info] ExtensionService#_doActivateExtension vscode.debug-auto-launch, startup: false, activationEvent: 'onStartupFinished'
2022-12-21 05:10:37.202 [info] ExtensionService#_doActivateExtension vscode.emmet, startup: false, activationEvent: 'onStartupFinished'
2022-12-21 05:10:37.203 [info] ExtensionService#_doActivateExtension vscode.merge-conflict, startup: false, activationEvent: 'onStartupFinished'
2022-12-21 05:10:37.204 [info] Eager extensions activated
2022-12-21 05:10:37.416 [warning] [Decorations] CAPPING events from decorations provider vscode.git 3777
2022-12-21 05:10:38.491 [warning] [Decorations] CAPPING events from decorations provider vscode.git 3778
2022-12-21 05:10:40.751 [warning] [Decorations] CAPPING events from decorations provider vscode.git 3778
2022-12-21 05:10:45.963 [warning] [Decorations] CAPPING events from decorations provider vscode.git 3778
2022-12-21 05:10:51.182 [warning] [Decorations] CAPPING events from decorations provider vscode.git 3778
2022-12-21 05:10:56.407 [warning] [Decorations] CAPPING events from decorations provider vscode.git 3778
2022-12-21 05:11:01.622 [warning] [Decorations] CAPPING events from decorations provider vscode.git 3778
2022-12-21 05:11:06.853 [warning] [Decorations] CAPPING events from decorations provider vscode.git 3778
2022-12-21 05:11:12.078 [warning] [Decorations] CAPPING events from decorations provider vscode.git 3778
2022-12-21 05:11:17.290 [warning] [Decorations] CAPPING events from decorations provider vscode.git 3778
2022-12-21 05:11:53.166 [warning] [Decorations] CAPPING events from decorations provider vscode.git 3778
2022-12-21 05:14:27.292 [warning] [Decorations] CAPPING events from decorations provider vscode.git 3778
2022-12-21 05:14:48.061 [warning] [Decorations] CAPPING events from decorations provider vscode.git 3778
2022-12-21 05:14:54.216 [warning] [Decorations] CAPPING events from decorations provider vscode.git 3778
2022-12-21 05:15:13.619 [warning] [Decorations] CAPPING events from decorations provider vscode.git 11825
2022-12-21 05:15:18.171 [warning] [Decorations] CAPPING events from decorations provider vscode.git 10034
2022-12-21 05:15:23.991 [warning] [Decorations] CAPPING events from decorations provider vscode.git 10000
2022-12-21 05:15:27.036 [warning] [Decorations] CAPPING events from decorations provider vscode.git 10000
2022-12-21 05:15:31.226 [warning] [Decorations] CAPPING events from decorations provider vscode.git 10000
