[Info  - 4:28:12 AM] 2022/12/21 04:28:12 go env for /home/myhuamobboss
(root /home/myhuamobboss/go/src/aroundstore)
(go version go version go1.19.4 linux/amd64)
(valid build configuration = true)
(build flags: [])
GOPROXY=https://proxy.golang.org,direct
GOSUMDB=sum.golang.org
GOFLAGS=
GOPRIVATE=
GOINSECURE=
GOCACHE=/home/myhuamobboss/.cache/go-build
GOMODCACHE=/home/myhuamobboss/go/pkg/mod
GONOSUMDB=
GOWORK=
GONOPROXY=
GOMOD=/dev/null
GOPATH=/home/myhuamobboss/go
GOROOT=/usr/lib/go-1.19
GO111MODULE=


[Info  - 4:28:13 AM] 2022/12/21 04:28:12 go/packages.Load #1
	snapshot=0
	directory=file:///home/myhuamobboss
	query=[aroundstore/... builtin]
	packages=7

[Info  - 4:28:14 AM] 2022/12/21 04:28:12 go/packages.Load #1: updating metadata for 146 packages

[Error - 4:28:15 AM] 2022/12/21 04:28:15 tidy: diagnosing file:///home/myhuamobboss/go/src/aroundstore/go.mod: err: exit status 1: stderr: go: downloading github.com/fortytw2/leaktest v1.3.0
go: downloading github.com/google/go-cmp v0.5.7
aroundstore/backend imports
	github.com/olivere/elastic/v7 tested by
	github.com/olivere/elastic/v7.test imports
	github.com/fortytw2/leaktest: module lookup disabled by GOPROXY=off
aroundstore/backend imports
	github.com/olivere/elastic/v7 tested by
	github.com/olivere/elastic/v7.test imports
	github.com/google/go-cmp/cmp: module lookup disabled by GOPROXY=off


[Error - 4:28:16 AM] 2022/12/21 04:28:16 tidy: diagnosing file:///home/myhuamobboss/go/src/aroundstore/go.mod: err: exit status 1: stderr: go: downloading github.com/fortytw2/leaktest v1.3.0
go: downloading github.com/google/go-cmp v0.5.7
aroundstore/backend imports
	github.com/olivere/elastic/v7 tested by
	github.com/olivere/elastic/v7.test imports
	github.com/fortytw2/leaktest: module lookup disabled by GOPROXY=off
aroundstore/backend imports
	github.com/olivere/elastic/v7 tested by
	github.com/olivere/elastic/v7.test imports
	github.com/google/go-cmp/cmp: module lookup disabled by GOPROXY=off


[Info  - 4:28:50 AM] 2022/12/21 04:28:50 background imports cache refresh starting

[Info  - 4:28:50 AM] 2022/12/21 04:28:50 background refresh finished after 72.008237ms

[Error - 4:42:32 AM] 2022/12/21 04:42:32 tidy: diagnosing file:///home/myhuamobboss/go/src/aroundstore/go.mod: err: exit status 1: stderr: go: downloading github.com/fortytw2/leaktest v1.3.0
go: downloading github.com/google/go-cmp v0.5.7
aroundstore/backend imports
	github.com/olivere/elastic/v7 tested by
	github.com/olivere/elastic/v7.test imports
	github.com/fortytw2/leaktest: module lookup disabled by GOPROXY=off
aroundstore/backend imports
	github.com/olivere/elastic/v7 tested by
	github.com/olivere/elastic/v7.test imports
	github.com/google/go-cmp/cmp: module lookup disabled by GOPROXY=off


[Error - 4:42:33 AM] 2022/12/21 04:42:33 tidy: diagnosing file:///home/myhuamobboss/go/src/aroundstore/go.mod: err: exit status 1: stderr: go: downloading github.com/fortytw2/leaktest v1.3.0
go: downloading github.com/google/go-cmp v0.5.7
aroundstore/backend imports
	github.com/olivere/elastic/v7 tested by
	github.com/olivere/elastic/v7.test imports
	github.com/fortytw2/leaktest: module lookup disabled by GOPROXY=off
aroundstore/backend imports
	github.com/olivere/elastic/v7 tested by
	github.com/olivere/elastic/v7.test imports
	github.com/google/go-cmp/cmp: module lookup disabled by GOPROXY=off


[Error - 4:42:35 AM] 2022/12/21 04:42:35 tidy: diagnosing file:///home/myhuamobboss/go/src/aroundstore/go.mod: err: exit status 1: stderr: go: downloading github.com/fortytw2/leaktest v1.3.0
go: downloading github.com/google/go-cmp v0.5.7
aroundstore/backend imports
	github.com/olivere/elastic/v7 tested by
	github.com/olivere/elastic/v7.test imports
	github.com/fortytw2/leaktest: module lookup disabled by GOPROXY=off
aroundstore/backend imports
	github.com/olivere/elastic/v7 tested by
	github.com/olivere/elastic/v7.test imports
	github.com/google/go-cmp/cmp: module lookup disabled by GOPROXY=off


[Error - 4:42:36 AM] 2022/12/21 04:42:36 tidy: diagnosing file:///home/myhuamobboss/go/src/aroundstore/go.mod: err: exit status 1: stderr: go: downloading github.com/google/go-cmp v0.5.7
go: downloading github.com/fortytw2/leaktest v1.3.0
aroundstore/backend imports
	github.com/olivere/elastic/v7 tested by
	github.com/olivere/elastic/v7.test imports
	github.com/fortytw2/leaktest: module lookup disabled by GOPROXY=off
aroundstore/backend imports
	github.com/olivere/elastic/v7 tested by
	github.com/olivere/elastic/v7.test imports
	github.com/google/go-cmp/cmp: module lookup disabled by GOPROXY=off


[Info  - 4:43:02 AM] 2022/12/21 04:43:02 background imports cache refresh starting

[Info  - 4:43:02 AM] 2022/12/21 04:43:02 background refresh finished after 6.66023ms

[Info  - 4:53:19 AM] 2022/12/21 04:53:19 background imports cache refresh starting

[Info  - 4:53:19 AM] 2022/12/21 04:53:19 background refresh finished after 5.229062ms

[Info  - 5:00:50 AM] 2022/12/21 05:00:50 background imports cache refresh starting

[Info  - 5:00:50 AM] 2022/12/21 05:00:50 background refresh finished after 5.141819ms

[Error - 5:03:45 AM] 2022/12/21 05:03:45 tidy: diagnosing file:///home/myhuamobboss/go/src/aroundstore/go.mod: err: exit status 1: stderr: go: downloading github.com/google/go-cmp v0.5.7
go: downloading github.com/fortytw2/leaktest v1.3.0
aroundstore/backend imports
	github.com/olivere/elastic/v7 tested by
	github.com/olivere/elastic/v7.test imports
	github.com/fortytw2/leaktest: module lookup disabled by GOPROXY=off
aroundstore/backend imports
	github.com/olivere/elastic/v7 tested by
	github.com/olivere/elastic/v7.test imports
	github.com/google/go-cmp/cmp: module lookup disabled by GOPROXY=off


[Error - 5:06:01 AM] 2022/12/21 05:06:01 tidy: diagnosing file:///home/myhuamobboss/go/src/aroundstore/go.mod: err: exit status 1: stderr: go: downloading github.com/fortytw2/leaktest v1.3.0
go: downloading github.com/google/go-cmp v0.5.7
aroundstore/backend imports
	github.com/olivere/elastic/v7 tested by
	github.com/olivere/elastic/v7.test imports
	github.com/fortytw2/leaktest: module lookup disabled by GOPROXY=off
aroundstore/backend imports
	github.com/olivere/elastic/v7 tested by
	github.com/olivere/elastic/v7.test imports
	github.com/google/go-cmp/cmp: module lookup disabled by GOPROXY=off


