2022-12-17 22:39:19.587 [info] Extension host with pid 30641 started
2022-12-17 22:39:19.664 [info] Lock '/home/myhuamobboss/.vscode-server/data/User/workspaceStorage/025036779a3188e9d6d0917040f3c018/vscode.lock': Lock acquired.
2022-12-17 22:39:19.814 [info] ExtensionService#_doActivateExtension golang.go, startup: false, activationEvent: 'onLanguage:go'
2022-12-17 22:39:19.815 [info] ExtensionService#_doActivateExtension vscode.git-base, startup: true, activationEvent: '*', root cause: vscode.git
2022-12-17 22:39:20.347 [info] ExtensionService#_doActivateExtension vscode.git, startup: true, activationEvent: '*'
2022-12-17 22:39:20.348 [info] ExtensionService#_doActivateExtension vscode.github, startup: true, activationEvent: '*'
2022-12-17 22:39:20.931 [info] ExtensionService#_doActivateExtension vscode.debug-auto-launch, startup: false, activationEvent: 'onStartupFinished'
2022-12-17 22:39:20.932 [info] ExtensionService#_doActivateExtension vscode.emmet, startup: false, activationEvent: 'onStartupFinished'
2022-12-17 22:39:20.933 [info] ExtensionService#_doActivateExtension vscode.merge-conflict, startup: false, activationEvent: 'onStartupFinished'
2022-12-17 22:39:20.934 [info] Eager extensions activated
2022-12-17 23:20:33.976 [info] ExtensionService#_doActivateExtension golang.go-nightly, startup: false, activationEvent: 'onLanguage:go'
2022-12-17 23:20:34.349 [error] Activating extension golang.go-nightly failed due to an error:
2022-12-17 23:20:34.349 [error] Error: command 'go.welcome' already exists
	at s.registerCommand (/home/myhuamobboss/.vscode-server/bin/1ad8d514439d5077d2b0b7ee64d2ce82a9308e5a/out/vs/workbench/api/node/extensionHostProcess.js:94:106105)
	at Object.registerCommand (/home/myhuamobboss/.vscode-server/bin/1ad8d514439d5077d2b0b7ee64d2ce82a9308e5a/out/vs/workbench/api/node/extensionHostProcess.js:115:30012)
	at registerCommand (/home/myhuamobboss/.vscode-server/extensions/golang.go-nightly-2022.12.1322/dist/goMain.js:81084:46)
	at Function.activate (/home/myhuamobboss/.vscode-server/extensions/golang.go-nightly-2022.12.1322/dist/goMain.js:82507:5)
	at activate2 (/home/myhuamobboss/.vscode-server/extensions/golang.go-nightly-2022.12.1322/dist/goMain.js:84478:16)
	at Function.db (/home/myhuamobboss/.vscode-server/bin/1ad8d514439d5077d2b0b7ee64d2ce82a9308e5a/out/vs/workbench/api/node/extensionHostProcess.js:106:15127)
	at Function.cb (/home/myhuamobboss/.vscode-server/bin/1ad8d514439d5077d2b0b7ee64d2ce82a9308e5a/out/vs/workbench/api/node/extensionHostProcess.js:106:14825)
	at /home/myhuamobboss/.vscode-server/bin/1ad8d514439d5077d2b0b7ee64d2ce82a9308e5a/out/vs/workbench/api/node/extensionHostProcess.js:106:12823
	at async w.n (/home/myhuamobboss/.vscode-server/bin/1ad8d514439d5077d2b0b7ee64d2ce82a9308e5a/out/vs/workbench/api/node/extensionHostProcess.js:92:7006)
	at async w.m (/home/myhuamobboss/.vscode-server/bin/1ad8d514439d5077d2b0b7ee64d2ce82a9308e5a/out/vs/workbench/api/node/extensionHostProcess.js:92:6969)
	at async w.l (/home/myhuamobboss/.vscode-server/bin/1ad8d514439d5077d2b0b7ee64d2ce82a9308e5a/out/vs/workbench/api/node/extensionHostProcess.js:92:6426)
2022-12-17 23:30:56.159 [warning] [Decorations] CAPPING events from decorations provider vscode.git 10000
2022-12-17 23:30:58.593 [warning] [Decorations] CAPPING events from decorations provider vscode.git 10000
2022-12-17 23:31:12.119 [error] {"message":"Failed to execute git","stdout":"","stderr":"","exitCode":1,"gitErrorCode":"NoUserNameConfigured","gitCommand":"config","gitArgs":["config","--get-all","user.name"]}
2022-12-17 23:31:38.031 [warning] Using default string since no string found in i18n bundle that has the key: There are no staged changes to commit.

Would you like to stage all your changes and commit them directly?
2022-12-17 23:31:40.521 [info] ExtensionService#_doActivateExtension vscode.configuration-editing, startup: false, activationEvent: 'onLanguage:jsonc'
2022-12-17 23:31:40.521 [info] ExtensionService#_doActivateExtension vscode.json-language-features, startup: false, activationEvent: 'onLanguage:jsonc'
2022-12-17 23:31:40.522 [info] ExtensionService#_doActivateExtension vscode.typescript-language-features, startup: false, activationEvent: 'onLanguage:jsonc'
2022-12-17 23:31:41.004 [warning] Using default string since no string found in i18n bundle that has the key: Configure
2022-12-17 23:31:41.004 [warning] Using default string since no string found in i18n bundle that has the key: JSON Language Server
2022-12-17 23:31:41.221 [warning] Using default string since no string found in i18n bundle that has the key: JSON: Schema Resolution Error
2022-12-17 23:31:41.401 [warning] Using default string since no string found in i18n bundle that has the key: Unable to resolve schema. Click to retry.
2022-12-17 23:31:41.402 [warning] Using default string since no string found in i18n bundle that has the key: JSON Validation Status
2022-12-17 23:31:41.402 [warning] Using default string since no string found in i18n bundle that has the key: Loading JSON info
2022-12-17 23:31:41.408 [warning] Using default string since no string found in i18n bundle that has the key: No Schema Validation
2022-12-17 23:31:41.408 [warning] Using default string since no string found in i18n bundle that has the key: no JSON schema configured
2022-12-17 23:31:41.408 [warning] Using default string since no string found in i18n bundle that has the key: Show Schemas
2022-12-17 23:31:51.427 [warning] Using default string since no string found in i18n bundle that has the key: Loading JSON info
2022-12-17 23:31:51.429 [warning] Using default string since no string found in i18n bundle that has the key: No Schema Validation
2022-12-17 23:31:51.429 [warning] Using default string since no string found in i18n bundle that has the key: no JSON schema configured
2022-12-17 23:31:51.429 [warning] Using default string since no string found in i18n bundle that has the key: Show Schemas
2022-12-17 23:32:18.739 [warning] Using default string since no string found in i18n bundle that has the key: Loading JSON info
2022-12-17 23:32:18.750 [warning] Using default string since no string found in i18n bundle that has the key: No Schema Validation
2022-12-17 23:32:18.751 [warning] Using default string since no string found in i18n bundle that has the key: no JSON schema configured
2022-12-17 23:32:18.751 [warning] Using default string since no string found in i18n bundle that has the key: Show Schemas
2022-12-17 23:32:21.020 [warning] Using default string since no string found in i18n bundle that has the key: Loading JSON info
2022-12-17 23:32:21.022 [warning] Using default string since no string found in i18n bundle that has the key: No Schema Validation
2022-12-17 23:32:21.022 [warning] Using default string since no string found in i18n bundle that has the key: no JSON schema configured
2022-12-17 23:32:21.022 [warning] Using default string since no string found in i18n bundle that has the key: Show Schemas
2022-12-17 23:35:14.606 [warning] Using default string since no string found in i18n bundle that has the key: Are you sure you want to DELETE {0} files?
This is IRREVERSIBLE!
These files will be FOREVER LOST if you proceed.
2022-12-17 23:35:46.448 [warning] [Decorations] CAPPING events from decorations provider vscode.git 10002
2022-12-17 23:36:25.548 [warning] Using default string since no string found in i18n bundle that has the key: Loading JSON info
2022-12-17 23:36:25.565 [warning] Using default string since no string found in i18n bundle that has the key: No Schema Validation
2022-12-17 23:36:25.565 [warning] Using default string since no string found in i18n bundle that has the key: no JSON schema configured
2022-12-17 23:36:25.565 [warning] Using default string since no string found in i18n bundle that has the key: Show Schemas
2022-12-17 23:39:59.247 [warning] [Decorations] CAPPING events from decorations provider vscode.git 10001
2022-12-17 23:40:36.703 [warning] Using default string since no string found in i18n bundle that has the key: Unable to compute used schemas: No document
2022-12-17 23:40:36.705 [warning] Using default string since no string found in i18n bundle that has the key: Loading JSON info
2022-12-17 23:40:36.708 [warning] Using default string since no string found in i18n bundle that has the key: No Schema Validation
2022-12-17 23:40:36.708 [warning] Using default string since no string found in i18n bundle that has the key: no JSON schema configured
2022-12-17 23:40:36.708 [warning] Using default string since no string found in i18n bundle that has the key: Show Schemas
2022-12-17 23:40:45.143 [warning] Using default string since no string found in i18n bundle that has the key: Unable to compute used schemas: No document
2022-12-17 23:40:45.146 [warning] Using default string since no string found in i18n bundle that has the key: Loading JSON info
2022-12-17 23:40:45.165 [warning] Using default string since no string found in i18n bundle that has the key: No Schema Validation
2022-12-17 23:40:45.165 [warning] Using default string since no string found in i18n bundle that has the key: no JSON schema configured
2022-12-17 23:40:45.165 [warning] Using default string since no string found in i18n bundle that has the key: Show Schemas
