2022-12-21 05:10:38.156 [info] 日志级别: Info
2022-12-21 05:10:38.156 [info] 正在验证在以下位置找到的 git: "git"
2022-12-21 05:10:38.156 [info] 将使用位于 "2.17.1" 的 Git "git"
2022-12-21 05:10:38.156 [info] > git rev-parse --show-toplevel [4ms]
2022-12-21 05:10:38.156 [info] > git rev-parse --git-dir --git-common-dir [1ms]
2022-12-21 05:10:38.156 [info] Open repository: /home/myhuamobboss
2022-12-21 05:10:38.156 [info] > git config --get commit.template [20ms]
2022-12-21 05:10:38.156 [info] > git rev-parse --show-toplevel [28ms]
2022-12-21 05:10:38.157 [info] > git for-each-ref --format=%(refname)%00%(upstream:short)%00%(objectname)%00%(upstream:track)%00%(upstream:remotename)%00%(upstream:remoteref) refs/heads/main refs/remotes/main [14ms]
2022-12-21 05:10:38.157 [info] > git rev-parse --show-toplevel [44ms]
2022-12-21 05:10:38.157 [info] > git for-each-ref --sort -committerdate --format %(refname) %(objectname) %(*objectname) [69ms]
2022-12-21 05:10:38.157 [info] > git rev-parse --show-toplevel [38ms]
2022-12-21 05:10:38.157 [info] > git rev-parse --show-toplevel [23ms]
2022-12-21 05:10:38.157 [info] > git rev-parse --show-toplevel [6ms]
2022-12-21 05:10:38.157 [info] > git status -z -uall [230ms]
2022-12-21 05:10:38.157 [info] > git config --get commit.template [19ms]
2022-12-21 05:10:38.168 [info] > git check-ignore -v -z --stdin [24ms]
2022-12-21 05:10:38.170 [info] > git for-each-ref --format=%(refname)%00%(upstream:short)%00%(objectname)%00%(upstream:track)%00%(upstream:remotename)%00%(upstream:remoteref) refs/heads/main refs/remotes/main [3ms]
2022-12-21 05:10:38.373 [info] > git for-each-ref --sort -committerdate --format %(refname) %(objectname) %(*objectname) [191ms]
2022-12-21 05:10:38.448 [info] > git status -z -uall [271ms]
2022-12-21 05:10:40.549 [info] > git config --get commit.template [2ms]
2022-12-21 05:10:40.558 [info] > git for-each-ref --format=%(refname)%00%(upstream:short)%00%(objectname)%00%(upstream:track)%00%(upstream:remotename)%00%(upstream:remoteref) refs/heads/main refs/remotes/main [2ms]
2022-12-21 05:10:40.575 [info] > git for-each-ref --sort -committerdate --format %(refname) %(objectname) %(*objectname) [4ms]
2022-12-21 05:10:40.705 [info] > git status -z -uall [141ms]
2022-12-21 05:10:42.620 [info] > git check-ignore -v -z --stdin [6ms]
2022-12-21 05:10:45.059 [info] > git -c user.useConfigOnly=true commit --quiet --allow-empty-message --file - [34ms]
2022-12-21 05:10:45.059 [info] error: insufficient permission for adding an object to repository database .git/objects
error: insufficient permission for adding an object to repository database .git/objects
error: Error building trees
2022-12-21 05:10:45.066 [info] > git config --get-all user.name [0ms]
2022-12-21 05:10:45.073 [info] > git config --get-all user.email [1ms]
2022-12-21 05:10:45.770 [info] > git config --get commit.template [1ms]
2022-12-21 05:10:45.778 [info] > git for-each-ref --format=%(refname)%00%(upstream:short)%00%(objectname)%00%(upstream:track)%00%(upstream:remotename)%00%(upstream:remoteref) refs/heads/main refs/remotes/main [1ms]
2022-12-21 05:10:45.793 [info] > git for-each-ref --sort -committerdate --format %(refname) %(objectname) %(*objectname) [3ms]
2022-12-21 05:10:45.929 [info] > git status -z -uall [144ms]
2022-12-21 05:10:50.996 [info] > git config --get commit.template [7ms]
2022-12-21 05:10:50.999 [info] > git for-each-ref --format=%(refname)%00%(upstream:short)%00%(objectname)%00%(upstream:track)%00%(upstream:remotename)%00%(upstream:remoteref) refs/heads/main refs/remotes/main [4ms]
2022-12-21 05:10:51.013 [info] > git for-each-ref --sort -committerdate --format %(refname) %(objectname) %(*objectname) [1ms]
2022-12-21 05:10:51.143 [info] > git status -z -uall [139ms]
2022-12-21 05:10:56.219 [info] > git config --get commit.template [9ms]
2022-12-21 05:10:56.221 [info] > git for-each-ref --format=%(refname)%00%(upstream:short)%00%(objectname)%00%(upstream:track)%00%(upstream:remotename)%00%(upstream:remoteref) refs/heads/main refs/remotes/main [3ms]
2022-12-21 05:10:56.270 [info] > git for-each-ref --sort -committerdate --format %(refname) %(objectname) %(*objectname) [11ms]
2022-12-21 05:10:56.366 [info] > git status -z -uall [138ms]
2022-12-21 05:11:01.428 [info] > git config --get commit.template [1ms]
2022-12-21 05:11:01.437 [info] > git for-each-ref --format=%(refname)%00%(upstream:short)%00%(objectname)%00%(upstream:track)%00%(upstream:remotename)%00%(upstream:remoteref) refs/heads/main refs/remotes/main [1ms]
2022-12-21 05:11:01.480 [info] > git for-each-ref --sort -committerdate --format %(refname) %(objectname) %(*objectname) [5ms]
2022-12-21 05:11:01.582 [info] > git status -z -uall [134ms]
2022-12-21 05:11:06.341 [info] > git -c user.useConfigOnly=true commit --quiet --allow-empty-message --file - [76ms]
2022-12-21 05:11:06.341 [info] error: insufficient permission for adding an object to repository database .git/objects
error: insufficient permission for adding an object to repository database .git/objects
error: Error building trees
2022-12-21 05:11:06.349 [info] > git config --get-all user.name [1ms]
2022-12-21 05:11:06.356 [info] > git config --get-all user.email [0ms]
2022-12-21 05:11:06.639 [info] > git config --get commit.template [1ms]
2022-12-21 05:11:06.648 [info] > git for-each-ref --format=%(refname)%00%(upstream:short)%00%(objectname)%00%(upstream:track)%00%(upstream:remotename)%00%(upstream:remoteref) refs/heads/main refs/remotes/main [1ms]
2022-12-21 05:11:06.691 [info] > git for-each-ref --sort -committerdate --format %(refname) %(objectname) %(*objectname) [4ms]
2022-12-21 05:11:06.816 [info] > git status -z -uall [160ms]
2022-12-21 05:11:11.872 [info] > git config --get commit.template [1ms]
2022-12-21 05:11:11.881 [info] > git for-each-ref --format=%(refname)%00%(upstream:short)%00%(objectname)%00%(upstream:track)%00%(upstream:remotename)%00%(upstream:remoteref) refs/heads/main refs/remotes/main [1ms]
2022-12-21 05:11:11.916 [info] > git for-each-ref --sort -committerdate --format %(refname) %(objectname) %(*objectname) [20ms]
2022-12-21 05:11:12.025 [info] > git status -z -uall [136ms]
2022-12-21 05:11:17.102 [info] > git config --get commit.template [1ms]
2022-12-21 05:11:17.109 [info] > git for-each-ref --format=%(refname)%00%(upstream:short)%00%(objectname)%00%(upstream:track)%00%(upstream:remotename)%00%(upstream:remoteref) refs/heads/main refs/remotes/main [1ms]
2022-12-21 05:11:17.145 [info] > git for-each-ref --sort -committerdate --format %(refname) %(objectname) %(*objectname) [20ms]
2022-12-21 05:11:17.254 [info] > git status -z -uall [136ms]
2022-12-21 05:11:52.959 [info] > git config --get commit.template [1ms]
2022-12-21 05:11:52.967 [info] > git for-each-ref --format=%(refname)%00%(upstream:short)%00%(objectname)%00%(upstream:track)%00%(upstream:remotename)%00%(upstream:remoteref) refs/heads/main refs/remotes/main [0ms]
2022-12-21 05:11:52.996 [info] > git for-each-ref --sort -committerdate --format %(refname) %(objectname) %(*objectname) [2ms]
2022-12-21 05:11:53.118 [info] > git status -z -uall [141ms]
2022-12-21 05:14:27.064 [info] > git config --get commit.template [1ms]
2022-12-21 05:14:27.072 [info] > git for-each-ref --format=%(refname)%00%(upstream:short)%00%(objectname)%00%(upstream:track)%00%(upstream:remotename)%00%(upstream:remoteref) refs/heads/main refs/remotes/main [0ms]
2022-12-21 05:14:27.099 [info] > git for-each-ref --sort -committerdate --format %(refname) %(objectname) %(*objectname) [13ms]
2022-12-21 05:14:27.231 [info] > git status -z -uall [150ms]
2022-12-21 05:14:47.865 [info] > git for-each-ref --format=%(refname)%00%(upstream:short)%00%(objectname)%00%(upstream:track)%00%(upstream:remotename)%00%(upstream:remoteref) refs/heads/main refs/remotes/main [1ms]
2022-12-21 05:14:47.865 [info] > git config --get commit.template [11ms]
2022-12-21 05:14:47.905 [info] > git for-each-ref --sort -committerdate --format %(refname) %(objectname) %(*objectname) [25ms]
2022-12-21 05:14:48.020 [info] > git status -z -uall [148ms]
2022-12-21 05:14:54.024 [info] > git config --get commit.template [1ms]
2022-12-21 05:14:54.033 [info] > git for-each-ref --format=%(refname)%00%(upstream:short)%00%(objectname)%00%(upstream:track)%00%(upstream:remotename)%00%(upstream:remoteref) refs/heads/main refs/remotes/main [0ms]
2022-12-21 05:14:54.082 [info] > git for-each-ref --sort -committerdate --format %(refname) %(objectname) %(*objectname) [17ms]
2022-12-21 05:14:54.176 [info] > git status -z -uall [133ms]
2022-12-21 05:14:59.254 [info] > git config --get commit.template [12ms]
2022-12-21 05:14:59.275 [info] > git for-each-ref --format=%(refname)%00%(upstream:short)%00%(objectname)%00%(upstream:track)%00%(upstream:remotename)%00%(upstream:remoteref) refs/heads/main refs/remotes/main [11ms]
2022-12-21 05:14:59.343 [info] > git for-each-ref --sort -committerdate --format %(refname) %(objectname) %(*objectname) [18ms]
2022-12-21 05:15:00.682 [info] > git status -z -uall [1398ms] (cancelled)
2022-12-21 05:15:17.794 [info] > git -c user.useConfigOnly=true commit --quiet --allow-empty-message --file - [821ms]
2022-12-21 05:15:17.804 [info] > git config --get commit.template [2ms]
2022-12-21 05:15:17.815 [info] > git config --get commit.template [0ms]
2022-12-21 05:15:17.827 [info] > git for-each-ref --format=%(refname)%00%(upstream:short)%00%(objectname)%00%(upstream:track)%00%(upstream:remotename)%00%(upstream:remoteref) refs/heads/main refs/remotes/main [3ms]
2022-12-21 05:15:17.878 [info] > git for-each-ref --sort -committerdate --format %(refname) %(objectname) %(*objectname) [3ms]
2022-12-21 05:15:19.409 [info] > git status -z -uall [1570ms] (cancelled)
2022-12-21 05:15:19.983 [info] > git check-ignore -v -z --stdin [8ms]
2022-12-21 05:15:23.631 [info] > git push origin main:main [5432ms]
2022-12-21 05:15:23.631 [info] To https://github.com/mingyuanhua/AroundStore.git
   1c4a5f2..b1ba871  main -> main
2022-12-21 05:15:23.641 [info] > git config --get commit.template [1ms]
2022-12-21 05:15:23.651 [info] > git for-each-ref --format=%(refname)%00%(upstream:short)%00%(objectname)%00%(upstream:track)%00%(upstream:remotename)%00%(upstream:remoteref) refs/heads/main refs/remotes/main [0ms]
2022-12-21 05:15:23.688 [info] > git for-each-ref --sort -committerdate --format %(refname) %(objectname) %(*objectname) [5ms]
2022-12-21 05:15:24.008 [info] > git status -z -uall [346ms] (cancelled)
2022-12-21 05:15:26.059 [info] > git config --get commit.template [22ms]
2022-12-21 05:15:26.060 [info] > git for-each-ref --format=%(refname)%00%(upstream:short)%00%(objectname)%00%(upstream:track)%00%(upstream:remotename)%00%(upstream:remoteref) refs/heads/main refs/remotes/main [5ms]
2022-12-21 05:15:26.265 [info] > git for-each-ref --sort -committerdate --format %(refname) %(objectname) %(*objectname) [27ms]
2022-12-21 05:15:29.659 [info] > git status -z -uall [3572ms] (cancelled)
2022-12-21 05:15:30.863 [info] > git for-each-ref --format=%(refname)%00%(upstream:short)%00%(objectname)%00%(upstream:track)%00%(upstream:remotename)%00%(upstream:remoteref) refs/heads/main refs/remotes/main [1ms]
2022-12-21 05:15:30.864 [info] > git config --get commit.template [13ms]
2022-12-21 05:15:30.931 [info] > git for-each-ref --sort -committerdate --format %(refname) %(objectname) %(*objectname) [4ms]
2022-12-21 05:15:31.241 [info] > git status -z -uall [365ms] (cancelled)
