2022-12-21 04:28:12.972 [info] 日志级别: Info
2022-12-21 04:28:12.972 [info] 正在验证在以下位置找到的 git: "git"
2022-12-21 04:28:12.972 [info] 将使用位于 "2.17.1" 的 Git "git"
2022-12-21 04:28:12.972 [info] > git rev-parse --show-toplevel [47ms]
2022-12-21 04:28:12.972 [info] > git rev-parse --git-dir --git-common-dir [36ms]
2022-12-21 04:28:12.972 [info] Open repository: /home/myhuamobboss
2022-12-21 04:28:12.972 [info] > git rev-parse --show-toplevel [12ms]
2022-12-21 04:28:12.972 [info] > git config --get commit.template [16ms]
2022-12-21 04:28:12.972 [info] > git rev-parse --show-toplevel [71ms]
2022-12-21 04:28:12.972 [info] > git rev-parse --show-toplevel [19ms]
2022-12-21 04:28:12.972 [info] > git for-each-ref --format=%(refname)%00%(upstream:short)%00%(objectname)%00%(upstream:track)%00%(upstream:remotename)%00%(upstream:remoteref) refs/heads/main refs/remotes/main [18ms]
2022-12-21 04:28:12.973 [info] > git rev-parse --show-toplevel [55ms]
2022-12-21 04:28:12.973 [info] > git for-each-ref --sort -committerdate --format %(refname) %(objectname) %(*objectname) [49ms]
2022-12-21 04:28:12.973 [info] > git rev-parse --show-toplevel [44ms]
2022-12-21 04:28:13.225 [info] > git status -z -uall [473ms]
2022-12-21 04:28:14.030 [info] > git config --get commit.template [29ms]
2022-12-21 04:28:14.071 [info] > git check-ignore -v -z --stdin [45ms]
2022-12-21 04:28:14.078 [info] > git for-each-ref --format=%(refname)%00%(upstream:short)%00%(objectname)%00%(upstream:track)%00%(upstream:remotename)%00%(upstream:remoteref) refs/heads/main refs/remotes/main [9ms]
2022-12-21 04:28:14.114 [info] > git for-each-ref --sort -committerdate --format %(refname) %(objectname) %(*objectname) [16ms]
2022-12-21 04:28:14.227 [info] > git show --textconv :go/src/aroundstore/handler/router.go [26ms]
2022-12-21 04:28:14.238 [info] > git ls-files --stage -- /home/myhuamobboss/go/src/aroundstore/handler/router.go [13ms]
2022-12-21 04:28:14.251 [info] > git cat-file -s 297b9b564ca5e0e40044c5d5c9e84654f2661c32 [3ms]
2022-12-21 04:28:14.335 [info] > git status -z -uall [245ms]
2022-12-21 04:28:15.264 [info] > git check-ignore -v -z --stdin [52ms]
2022-12-21 04:28:17.327 [info] > git config --get commit.template [1ms]
2022-12-21 04:28:17.338 [info] > git for-each-ref --format=%(refname)%00%(upstream:short)%00%(objectname)%00%(upstream:track)%00%(upstream:remotename)%00%(upstream:remoteref) refs/heads/main refs/remotes/main [2ms]
2022-12-21 04:28:17.376 [info] > git for-each-ref --sort -committerdate --format %(refname) %(objectname) %(*objectname) [21ms]
2022-12-21 04:28:17.462 [info] > git status -z -uall [114ms]
2022-12-21 04:28:20.565 [info] > git check-ignore -v -z --stdin [2ms]
2022-12-21 04:28:41.722 [info] > git config --get commit.template [1ms]
2022-12-21 04:28:41.730 [info] > git for-each-ref --format=%(refname)%00%(upstream:short)%00%(objectname)%00%(upstream:track)%00%(upstream:remotename)%00%(upstream:remoteref) refs/heads/main refs/remotes/main [2ms]
2022-12-21 04:28:41.772 [info] > git for-each-ref --sort -committerdate --format %(refname) %(objectname) %(*objectname) [25ms]
2022-12-21 04:28:41.857 [info] > git status -z -uall [117ms]
2022-12-21 04:29:58.942 [info] > git config --get commit.template [0ms]
2022-12-21 04:29:58.951 [info] > git for-each-ref --format=%(refname)%00%(upstream:short)%00%(objectname)%00%(upstream:track)%00%(upstream:remotename)%00%(upstream:remoteref) refs/heads/main refs/remotes/main [1ms]
2022-12-21 04:29:58.965 [info] > git for-each-ref --sort -committerdate --format %(refname) %(objectname) %(*objectname) [2ms]
2022-12-21 04:29:59.071 [info] > git status -z -uall [115ms]
2022-12-21 04:30:05.880 [info] > git config --get commit.template [1ms]
2022-12-21 04:30:05.889 [info] > git for-each-ref --format=%(refname)%00%(upstream:short)%00%(objectname)%00%(upstream:track)%00%(upstream:remotename)%00%(upstream:remoteref) refs/heads/main refs/remotes/main [2ms]
2022-12-21 04:30:05.935 [info] > git for-each-ref --sort -committerdate --format %(refname) %(objectname) %(*objectname) [3ms]
2022-12-21 04:30:06.013 [info] > git status -z -uall [112ms]
2022-12-21 04:31:04.408 [info] > git config --get commit.template [0ms]
2022-12-21 04:31:04.416 [info] > git for-each-ref --format=%(refname)%00%(upstream:short)%00%(objectname)%00%(upstream:track)%00%(upstream:remotename)%00%(upstream:remoteref) refs/heads/main refs/remotes/main [0ms]
2022-12-21 04:31:04.457 [info] > git for-each-ref --sort -committerdate --format %(refname) %(objectname) %(*objectname) [21ms]
2022-12-21 04:31:04.548 [info] > git status -z -uall [124ms]
2022-12-21 04:31:10.685 [info] > git config --get commit.template [1ms]
2022-12-21 04:31:10.694 [info] > git for-each-ref --format=%(refname)%00%(upstream:short)%00%(objectname)%00%(upstream:track)%00%(upstream:remotename)%00%(upstream:remoteref) refs/heads/main refs/remotes/main [0ms]
2022-12-21 04:31:10.735 [info] > git for-each-ref --sort -committerdate --format %(refname) %(objectname) %(*objectname) [12ms]
2022-12-21 04:31:10.815 [info] > git status -z -uall [112ms]
2022-12-21 04:31:31.237 [info] > git config --get commit.template [22ms]
2022-12-21 04:31:31.238 [info] > git for-each-ref --format=%(refname)%00%(upstream:short)%00%(objectname)%00%(upstream:track)%00%(upstream:remotename)%00%(upstream:remoteref) refs/heads/main refs/remotes/main [14ms]
2022-12-21 04:31:31.270 [info] > git for-each-ref --sort -committerdate --format %(refname) %(objectname) %(*objectname) [4ms]
2022-12-21 04:31:31.375 [info] > git status -z -uall [115ms]
2022-12-21 04:31:49.500 [info] > git config --get commit.template [0ms]
2022-12-21 04:31:49.509 [info] > git for-each-ref --format=%(refname)%00%(upstream:short)%00%(objectname)%00%(upstream:track)%00%(upstream:remotename)%00%(upstream:remoteref) refs/heads/main refs/remotes/main [0ms]
2022-12-21 04:31:49.546 [info] > git for-each-ref --sort -committerdate --format %(refname) %(objectname) %(*objectname) [3ms]
2022-12-21 04:31:49.629 [info] > git status -z -uall [113ms]
2022-12-21 04:32:05.328 [info] > git config --get commit.template [2ms]
2022-12-21 04:32:05.336 [info] > git for-each-ref --format=%(refname)%00%(upstream:short)%00%(objectname)%00%(upstream:track)%00%(upstream:remotename)%00%(upstream:remoteref) refs/heads/main refs/remotes/main [0ms]
2022-12-21 04:32:05.353 [info] > git for-each-ref --sort -committerdate --format %(refname) %(objectname) %(*objectname) [3ms]
2022-12-21 04:32:05.454 [info] > git status -z -uall [111ms]
2022-12-21 04:33:12.084 [info] > git config --get commit.template [1ms]
2022-12-21 04:33:12.093 [info] > git for-each-ref --format=%(refname)%00%(upstream:short)%00%(objectname)%00%(upstream:track)%00%(upstream:remotename)%00%(upstream:remoteref) refs/heads/main refs/remotes/main [0ms]
2022-12-21 04:33:12.135 [info] > git for-each-ref --sort -committerdate --format %(refname) %(objectname) %(*objectname) [2ms]
2022-12-21 04:33:12.214 [info] > git status -z -uall [114ms]
2022-12-21 04:33:50.833 [info] > git for-each-ref --format=%(refname)%00%(upstream:short)%00%(objectname)%00%(upstream:track)%00%(upstream:remotename)%00%(upstream:remoteref) refs/heads/main refs/remotes/main [1ms]
2022-12-21 04:33:50.834 [info] > git config --get commit.template [10ms]
2022-12-21 04:33:50.880 [info] > git for-each-ref --sort -committerdate --format %(refname) %(objectname) %(*objectname) [4ms]
2022-12-21 04:33:50.951 [info] > git status -z -uall [107ms]
2022-12-21 04:34:02.013 [info] > git config --get commit.template [9ms]
2022-12-21 04:34:02.014 [info] > git for-each-ref --format=%(refname)%00%(upstream:short)%00%(objectname)%00%(upstream:track)%00%(upstream:remotename)%00%(upstream:remoteref) refs/heads/main refs/remotes/main [2ms]
2022-12-21 04:34:02.030 [info] > git for-each-ref --sort -committerdate --format %(refname) %(objectname) %(*objectname) [3ms]
2022-12-21 04:34:02.133 [info] > git status -z -uall [113ms]
2022-12-21 04:34:07.173 [info] > git config --get commit.template [1ms]
2022-12-21 04:34:07.181 [info] > git for-each-ref --format=%(refname)%00%(upstream:short)%00%(objectname)%00%(upstream:track)%00%(upstream:remotename)%00%(upstream:remoteref) refs/heads/main refs/remotes/main [1ms]
2022-12-21 04:34:07.196 [info] > git for-each-ref --sort -committerdate --format %(refname) %(objectname) %(*objectname) [1ms]
2022-12-21 04:34:07.300 [info] > git status -z -uall [112ms]
2022-12-21 04:35:55.648 [info] > git config --get commit.template [1ms]
2022-12-21 04:35:55.657 [info] > git for-each-ref --format=%(refname)%00%(upstream:short)%00%(objectname)%00%(upstream:track)%00%(upstream:remotename)%00%(upstream:remoteref) refs/heads/main refs/remotes/main [0ms]
2022-12-21 04:35:55.691 [info] > git for-each-ref --sort -committerdate --format %(refname) %(objectname) %(*objectname) [20ms]
2022-12-21 04:35:55.779 [info] > git status -z -uall [115ms]
2022-12-21 04:37:07.005 [info] > git config --get commit.template [8ms]
2022-12-21 04:37:07.008 [info] > git for-each-ref --format=%(refname)%00%(upstream:short)%00%(objectname)%00%(upstream:track)%00%(upstream:remotename)%00%(upstream:remoteref) refs/heads/main refs/remotes/main [3ms]
2022-12-21 04:37:07.022 [info] > git for-each-ref --sort -committerdate --format %(refname) %(objectname) %(*objectname) [1ms]
2022-12-21 04:37:07.135 [info] > git status -z -uall [122ms]
2022-12-21 04:37:28.123 [info] > git config --get commit.template [1ms]
2022-12-21 04:37:28.132 [info] > git for-each-ref --format=%(refname)%00%(upstream:short)%00%(objectname)%00%(upstream:track)%00%(upstream:remotename)%00%(upstream:remoteref) refs/heads/main refs/remotes/main [0ms]
2022-12-21 04:37:28.165 [info] > git for-each-ref --sort -committerdate --format %(refname) %(objectname) %(*objectname) [1ms]
2022-12-21 04:37:28.252 [info] > git status -z -uall [109ms]
2022-12-21 04:38:00.105 [info] > git config --get commit.template [1ms]
2022-12-21 04:38:00.113 [info] > git for-each-ref --format=%(refname)%00%(upstream:short)%00%(objectname)%00%(upstream:track)%00%(upstream:remotename)%00%(upstream:remoteref) refs/heads/main refs/remotes/main [1ms]
2022-12-21 04:38:00.132 [info] > git for-each-ref --sort -committerdate --format %(refname) %(objectname) %(*objectname) [5ms]
2022-12-21 04:38:00.244 [info] > git status -z -uall [124ms]
2022-12-21 04:39:45.730 [info] > git config --get commit.template [1ms]
2022-12-21 04:39:45.738 [info] > git for-each-ref --format=%(refname)%00%(upstream:short)%00%(objectname)%00%(upstream:track)%00%(upstream:remotename)%00%(upstream:remoteref) refs/heads/main refs/remotes/main [1ms]
2022-12-21 04:39:45.770 [info] > git for-each-ref --sort -committerdate --format %(refname) %(objectname) %(*objectname) [3ms]
2022-12-21 04:39:45.861 [info] > git status -z -uall [113ms]
2022-12-21 04:40:05.648 [info] > git config --get commit.template [1ms]
2022-12-21 04:40:05.656 [info] > git for-each-ref --format=%(refname)%00%(upstream:short)%00%(objectname)%00%(upstream:track)%00%(upstream:remotename)%00%(upstream:remoteref) refs/heads/main refs/remotes/main [1ms]
2022-12-21 04:40:05.697 [info] > git for-each-ref --sort -committerdate --format %(refname) %(objectname) %(*objectname) [3ms]
2022-12-21 04:40:05.773 [info] > git status -z -uall [108ms]
2022-12-21 04:41:41.391 [info] > git config --get commit.template [10ms]
2022-12-21 04:41:41.394 [info] > git for-each-ref --format=%(refname)%00%(upstream:short)%00%(objectname)%00%(upstream:track)%00%(upstream:remotename)%00%(upstream:remoteref) refs/heads/main refs/remotes/main [4ms]
2022-12-21 04:41:41.408 [info] > git for-each-ref --sort -committerdate --format %(refname) %(objectname) %(*objectname) [3ms]
2022-12-21 04:41:41.513 [info] > git status -z -uall [114ms]
2022-12-21 04:42:23.318 [info] > git config --get commit.template [1ms]
2022-12-21 04:42:23.326 [info] > git for-each-ref --format=%(refname)%00%(upstream:short)%00%(objectname)%00%(upstream:track)%00%(upstream:remotename)%00%(upstream:remoteref) refs/heads/main refs/remotes/main [1ms]
2022-12-21 04:42:23.340 [info] > git for-each-ref --sort -committerdate --format %(refname) %(objectname) %(*objectname) [1ms]
2022-12-21 04:42:23.446 [info] > git status -z -uall [114ms]
2022-12-21 04:42:30.785 [info] > git config --get commit.template [1ms]
2022-12-21 04:42:30.793 [info] > git for-each-ref --format=%(refname)%00%(upstream:short)%00%(objectname)%00%(upstream:track)%00%(upstream:remotename)%00%(upstream:remoteref) refs/heads/main refs/remotes/main [0ms]
2022-12-21 04:42:30.809 [info] > git for-each-ref --sort -committerdate --format %(refname) %(objectname) %(*objectname) [1ms]
2022-12-21 04:42:30.912 [info] > git status -z -uall [112ms]
2022-12-21 04:42:32.474 [info] > git show --textconv :go/src/aroundstore/handler/app.go [12ms]
2022-12-21 04:42:32.478 [info] > git ls-files --stage -- /home/myhuamobboss/go/src/aroundstore/handler/app.go [5ms]
2022-12-21 04:42:32.495 [info] > git cat-file -s b3079a553faba71769dda4fcd85e588129f55f37 [5ms]
2022-12-21 04:42:33.182 [info] > git show --textconv :go/src/aroundstore/main.go [10ms]
2022-12-21 04:42:33.200 [info] > git ls-files --stage -- /home/myhuamobboss/go/src/aroundstore/main.go [19ms]
2022-12-21 04:42:33.218 [info] > git cat-file -s 09e9bd1dffea80e93d42b478e94c413f0d423e97 [3ms]
2022-12-21 04:42:35.846 [info] > git show --textconv :go/src/aroundstore/backend/elasticsearch.go [10ms]
2022-12-21 04:42:35.856 [info] > git ls-files --stage -- /home/myhuamobboss/go/src/aroundstore/backend/elasticsearch.go [10ms]
2022-12-21 04:42:35.955 [info] > git config --get commit.template [1ms]
2022-12-21 04:42:35.962 [info] > git for-each-ref --format=%(refname)%00%(upstream:short)%00%(objectname)%00%(upstream:track)%00%(upstream:remotename)%00%(upstream:remoteref) refs/heads/main refs/remotes/main [1ms]
2022-12-21 04:42:36.012 [info] > git for-each-ref --sort -committerdate --format %(refname) %(objectname) %(*objectname) [4ms]
2022-12-21 04:42:36.078 [info] > git status -z -uall [106ms]
2022-12-21 04:42:41.120 [info] > git config --get commit.template [1ms]
2022-12-21 04:42:41.129 [info] > git for-each-ref --format=%(refname)%00%(upstream:short)%00%(objectname)%00%(upstream:track)%00%(upstream:remotename)%00%(upstream:remoteref) refs/heads/main refs/remotes/main [1ms]
2022-12-21 04:42:41.177 [info] > git for-each-ref --sort -committerdate --format %(refname) %(objectname) %(*objectname) [6ms]
2022-12-21 04:42:41.260 [info] > git status -z -uall [120ms]
2022-12-21 04:42:46.322 [info] > git config --get commit.template [0ms]
2022-12-21 04:42:46.330 [info] > git for-each-ref --format=%(refname)%00%(upstream:short)%00%(objectname)%00%(upstream:track)%00%(upstream:remotename)%00%(upstream:remoteref) refs/heads/main refs/remotes/main [2ms]
2022-12-21 04:42:46.369 [info] > git for-each-ref --sort -committerdate --format %(refname) %(objectname) %(*objectname) [9ms]
2022-12-21 04:42:46.447 [info] > git status -z -uall [107ms]
2022-12-21 04:42:52.203 [info] > git config --get commit.template [1ms]
2022-12-21 04:42:52.211 [info] > git for-each-ref --format=%(refname)%00%(upstream:short)%00%(objectname)%00%(upstream:track)%00%(upstream:remotename)%00%(upstream:remoteref) refs/heads/main refs/remotes/main [1ms]
2022-12-21 04:42:52.241 [info] > git for-each-ref --sort -committerdate --format %(refname) %(objectname) %(*objectname) [2ms]
2022-12-21 04:42:52.333 [info] > git status -z -uall [113ms]
2022-12-21 04:43:01.893 [info] > git config --get commit.template [12ms]
2022-12-21 04:43:01.934 [info] > git for-each-ref --format=%(refname)%00%(upstream:short)%00%(objectname)%00%(upstream:track)%00%(upstream:remotename)%00%(upstream:remoteref) refs/heads/main refs/remotes/main [22ms]
2022-12-21 04:43:01.990 [info] > git for-each-ref --sort -committerdate --format %(refname) %(objectname) %(*objectname) [9ms]
2022-12-21 04:43:02.055 [info] > git status -z -uall [111ms]
2022-12-21 04:43:07.092 [info] > git config --get commit.template [0ms]
2022-12-21 04:43:07.100 [info] > git for-each-ref --format=%(refname)%00%(upstream:short)%00%(objectname)%00%(upstream:track)%00%(upstream:remotename)%00%(upstream:remoteref) refs/heads/main refs/remotes/main [0ms]
2022-12-21 04:43:07.141 [info] > git for-each-ref --sort -committerdate --format %(refname) %(objectname) %(*objectname) [3ms]
2022-12-21 04:43:07.219 [info] > git status -z -uall [111ms]
2022-12-21 04:43:12.316 [info] > git config --get commit.template [1ms]
2022-12-21 04:43:12.325 [info] > git for-each-ref --format=%(refname)%00%(upstream:short)%00%(objectname)%00%(upstream:track)%00%(upstream:remotename)%00%(upstream:remoteref) refs/heads/main refs/remotes/main [1ms]
2022-12-21 04:43:12.363 [info] > git for-each-ref --sort -committerdate --format %(refname) %(objectname) %(*objectname) [24ms]
2022-12-21 04:43:12.442 [info] > git status -z -uall [110ms]
2022-12-21 04:43:18.182 [info] > git config --get commit.template [0ms]
2022-12-21 04:43:18.190 [info] > git for-each-ref --format=%(refname)%00%(upstream:short)%00%(objectname)%00%(upstream:track)%00%(upstream:remotename)%00%(upstream:remoteref) refs/heads/main refs/remotes/main [1ms]
2022-12-21 04:43:18.246 [info] > git for-each-ref --sort -committerdate --format %(refname) %(objectname) %(*objectname) [43ms]
2022-12-21 04:43:18.358 [info] > git status -z -uall [162ms]
2022-12-21 04:44:16.780 [info] > git config --get commit.template [2ms]
2022-12-21 04:44:16.786 [info] > git for-each-ref --format=%(refname)%00%(upstream:short)%00%(objectname)%00%(upstream:track)%00%(upstream:remotename)%00%(upstream:remoteref) refs/heads/main refs/remotes/main [1ms]
2022-12-21 04:44:16.833 [info] > git for-each-ref --sort -committerdate --format %(refname) %(objectname) %(*objectname) [5ms]
2022-12-21 04:44:16.909 [info] > git status -z -uall [113ms]
2022-12-21 04:44:22.508 [info] > git config --get commit.template [1ms]
2022-12-21 04:44:22.517 [info] > git for-each-ref --format=%(refname)%00%(upstream:short)%00%(objectname)%00%(upstream:track)%00%(upstream:remotename)%00%(upstream:remoteref) refs/heads/main refs/remotes/main [0ms]
2022-12-21 04:44:22.558 [info] > git for-each-ref --sort -committerdate --format %(refname) %(objectname) %(*objectname) [3ms]
2022-12-21 04:44:22.636 [info] > git status -z -uall [112ms]
2022-12-21 04:45:13.045 [info] > git config --get commit.template [2ms]
2022-12-21 04:45:13.053 [info] > git for-each-ref --format=%(refname)%00%(upstream:short)%00%(objectname)%00%(upstream:track)%00%(upstream:remotename)%00%(upstream:remoteref) refs/heads/main refs/remotes/main [1ms]
2022-12-21 04:45:13.097 [info] > git for-each-ref --sort -committerdate --format %(refname) %(objectname) %(*objectname) [17ms]
2022-12-21 04:45:13.184 [info] > git status -z -uall [120ms]
2022-12-21 04:45:46.882 [info] > git config --get commit.template [1ms]
2022-12-21 04:45:46.890 [info] > git for-each-ref --format=%(refname)%00%(upstream:short)%00%(objectname)%00%(upstream:track)%00%(upstream:remotename)%00%(upstream:remoteref) refs/heads/main refs/remotes/main [0ms]
2022-12-21 04:45:46.936 [info] > git for-each-ref --sort -committerdate --format %(refname) %(objectname) %(*objectname) [4ms]
2022-12-21 04:45:47.003 [info] > git status -z -uall [104ms]
2022-12-21 04:47:15.267 [info] > git config --get commit.template [1ms]
2022-12-21 04:47:15.275 [info] > git for-each-ref --format=%(refname)%00%(upstream:short)%00%(objectname)%00%(upstream:track)%00%(upstream:remotename)%00%(upstream:remoteref) refs/heads/main refs/remotes/main [1ms]
2022-12-21 04:47:15.315 [info] > git for-each-ref --sort -committerdate --format %(refname) %(objectname) %(*objectname) [24ms]
2022-12-21 04:47:15.397 [info] > git status -z -uall [113ms]
2022-12-21 04:47:34.923 [info] > git config --get commit.template [1ms]
2022-12-21 04:47:34.932 [info] > git for-each-ref --format=%(refname)%00%(upstream:short)%00%(objectname)%00%(upstream:track)%00%(upstream:remotename)%00%(upstream:remoteref) refs/heads/main refs/remotes/main [1ms]
2022-12-21 04:47:34.948 [info] > git for-each-ref --sort -committerdate --format %(refname) %(objectname) %(*objectname) [3ms]
2022-12-21 04:47:35.050 [info] > git status -z -uall [112ms]
2022-12-21 04:48:17.074 [info] > git config --get commit.template [1ms]
2022-12-21 04:48:17.081 [info] > git for-each-ref --format=%(refname)%00%(upstream:short)%00%(objectname)%00%(upstream:track)%00%(upstream:remotename)%00%(upstream:remoteref) refs/heads/main refs/remotes/main [1ms]
2022-12-21 04:48:17.122 [info] > git for-each-ref --sort -committerdate --format %(refname) %(objectname) %(*objectname) [3ms]
2022-12-21 04:48:17.201 [info] > git status -z -uall [109ms]
2022-12-21 04:48:22.247 [info] > git config --get commit.template [1ms]
2022-12-21 04:48:22.256 [info] > git for-each-ref --format=%(refname)%00%(upstream:short)%00%(objectname)%00%(upstream:track)%00%(upstream:remotename)%00%(upstream:remoteref) refs/heads/main refs/remotes/main [0ms]
2022-12-21 04:48:22.294 [info] > git for-each-ref --sort -committerdate --format %(refname) %(objectname) %(*objectname) [2ms]
2022-12-21 04:48:22.372 [info] > git status -z -uall [108ms]
2022-12-21 04:52:13.890 [info] > git config --get commit.template [1ms]
2022-12-21 04:52:13.897 [info] > git for-each-ref --format=%(refname)%00%(upstream:short)%00%(objectname)%00%(upstream:track)%00%(upstream:remotename)%00%(upstream:remoteref) refs/heads/main refs/remotes/main [1ms]
2022-12-21 04:52:13.938 [info] > git for-each-ref --sort -committerdate --format %(refname) %(objectname) %(*objectname) [27ms]
2022-12-21 04:52:14.017 [info] > git status -z -uall [113ms]
2022-12-21 04:52:25.356 [info] > git config --get commit.template [1ms]
2022-12-21 04:52:25.363 [info] > git for-each-ref --format=%(refname)%00%(upstream:short)%00%(objectname)%00%(upstream:track)%00%(upstream:remotename)%00%(upstream:remoteref) refs/heads/main refs/remotes/main [1ms]
2022-12-21 04:52:25.409 [info] > git for-each-ref --sort -committerdate --format %(refname) %(objectname) %(*objectname) [18ms]
2022-12-21 04:52:25.482 [info] > git status -z -uall [109ms]
2022-12-21 04:52:34.606 [info] > git config --get commit.template [1ms]
2022-12-21 04:52:34.613 [info] > git for-each-ref --format=%(refname)%00%(upstream:short)%00%(objectname)%00%(upstream:track)%00%(upstream:remotename)%00%(upstream:remoteref) refs/heads/main refs/remotes/main [1ms]
2022-12-21 04:52:34.655 [info] > git for-each-ref --sort -committerdate --format %(refname) %(objectname) %(*objectname) [3ms]
2022-12-21 04:52:34.731 [info] > git status -z -uall [108ms]
2022-12-21 04:52:39.779 [info] > git config --get commit.template [7ms]
2022-12-21 04:52:39.781 [info] > git for-each-ref --format=%(refname)%00%(upstream:short)%00%(objectname)%00%(upstream:track)%00%(upstream:remotename)%00%(upstream:remoteref) refs/heads/main refs/remotes/main [3ms]
2022-12-21 04:52:39.796 [info] > git for-each-ref --sort -committerdate --format %(refname) %(objectname) %(*objectname) [2ms]
2022-12-21 04:52:39.898 [info] > git status -z -uall [111ms]
2022-12-21 04:52:44.946 [info] > git config --get commit.template [0ms]
2022-12-21 04:52:44.965 [info] > git for-each-ref --format=%(refname)%00%(upstream:short)%00%(objectname)%00%(upstream:track)%00%(upstream:remotename)%00%(upstream:remoteref) refs/heads/main refs/remotes/main [11ms]
2022-12-21 04:52:45.041 [info] > git for-each-ref --sort -committerdate --format %(refname) %(objectname) %(*objectname) [30ms]
2022-12-21 04:52:45.129 [info] > git status -z -uall [132ms]
2022-12-21 04:52:50.177 [info] > git config --get commit.template [13ms]
2022-12-21 04:52:50.233 [info] > git for-each-ref --format=%(refname)%00%(upstream:short)%00%(objectname)%00%(upstream:track)%00%(upstream:remotename)%00%(upstream:remoteref) refs/heads/main refs/remotes/main [21ms]
2022-12-21 04:52:50.249 [info] > git for-each-ref --sort -committerdate --format %(refname) %(objectname) %(*objectname) [0ms]
2022-12-21 04:52:50.352 [info] > git status -z -uall [110ms]
2022-12-21 04:52:55.408 [info] > git config --get commit.template [15ms]
2022-12-21 04:52:55.457 [info] > git for-each-ref --format=%(refname)%00%(upstream:short)%00%(objectname)%00%(upstream:track)%00%(upstream:remotename)%00%(upstream:remoteref) refs/heads/main refs/remotes/main [16ms]
2022-12-21 04:52:55.473 [info] > git for-each-ref --sort -committerdate --format %(refname) %(objectname) %(*objectname) [2ms]
2022-12-21 04:52:55.584 [info] > git status -z -uall [120ms]
2022-12-21 04:53:00.621 [info] > git config --get commit.template [1ms]
2022-12-21 04:53:00.629 [info] > git for-each-ref --format=%(refname)%00%(upstream:short)%00%(objectname)%00%(upstream:track)%00%(upstream:remotename)%00%(upstream:remoteref) refs/heads/main refs/remotes/main [1ms]
2022-12-21 04:53:00.667 [info] > git for-each-ref --sort -committerdate --format %(refname) %(objectname) %(*objectname) [23ms]
2022-12-21 04:53:00.751 [info] > git status -z -uall [115ms]
2022-12-21 04:53:05.791 [info] > git config --get commit.template [1ms]
2022-12-21 04:53:05.801 [info] > git for-each-ref --format=%(refname)%00%(upstream:short)%00%(objectname)%00%(upstream:track)%00%(upstream:remotename)%00%(upstream:remoteref) refs/heads/main refs/remotes/main [3ms]
2022-12-21 04:53:05.840 [info] > git for-each-ref --sort -committerdate --format %(refname) %(objectname) %(*objectname) [25ms]
2022-12-21 04:53:05.919 [info] > git status -z -uall [110ms]
2022-12-21 04:54:58.853 [info] > git config --get commit.template [1ms]
2022-12-21 04:54:58.861 [info] > git for-each-ref --format=%(refname)%00%(upstream:short)%00%(objectname)%00%(upstream:track)%00%(upstream:remotename)%00%(upstream:remoteref) refs/heads/main refs/remotes/main [1ms]
2022-12-21 04:54:58.904 [info] > git for-each-ref --sort -committerdate --format %(refname) %(objectname) %(*objectname) [4ms]
2022-12-21 04:54:58.981 [info] > git status -z -uall [113ms]
2022-12-21 04:55:04.864 [info] > git config --get commit.template [1ms]
2022-12-21 04:55:04.872 [info] > git for-each-ref --format=%(refname)%00%(upstream:short)%00%(objectname)%00%(upstream:track)%00%(upstream:remotename)%00%(upstream:remoteref) refs/heads/main refs/remotes/main [1ms]
2022-12-21 04:55:04.912 [info] > git for-each-ref --sort -committerdate --format %(refname) %(objectname) %(*objectname) [12ms]
2022-12-21 04:55:04.989 [info] > git status -z -uall [109ms]
2022-12-21 04:55:32.625 [info] > git config --get commit.template [1ms]
2022-12-21 04:55:32.632 [info] > git for-each-ref --format=%(refname)%00%(upstream:short)%00%(objectname)%00%(upstream:track)%00%(upstream:remotename)%00%(upstream:remoteref) refs/heads/main refs/remotes/main [0ms]
2022-12-21 04:55:32.644 [info] > git for-each-ref --sort -committerdate --format %(refname) %(objectname) %(*objectname) [1ms]
2022-12-21 04:55:32.751 [info] > git status -z -uall [114ms]
2022-12-21 04:55:37.809 [info] > git config --get commit.template [1ms]
2022-12-21 04:55:37.817 [info] > git for-each-ref --format=%(refname)%00%(upstream:short)%00%(objectname)%00%(upstream:track)%00%(upstream:remotename)%00%(upstream:remoteref) refs/heads/main refs/remotes/main [1ms]
2022-12-21 04:55:37.862 [info] > git for-each-ref --sort -committerdate --format %(refname) %(objectname) %(*objectname) [7ms]
2022-12-21 04:55:37.936 [info] > git status -z -uall [108ms]
2022-12-21 04:55:58.820 [info] > git config --get commit.template [1ms]
2022-12-21 04:55:58.829 [info] > git for-each-ref --format=%(refname)%00%(upstream:short)%00%(objectname)%00%(upstream:track)%00%(upstream:remotename)%00%(upstream:remoteref) refs/heads/main refs/remotes/main [0ms]
2022-12-21 04:55:58.870 [info] > git for-each-ref --sort -committerdate --format %(refname) %(objectname) %(*objectname) [4ms]
2022-12-21 04:55:58.945 [info] > git status -z -uall [109ms]
2022-12-21 04:56:28.156 [info] > git config --get commit.template [1ms]
2022-12-21 04:56:28.163 [info] > git for-each-ref --format=%(refname)%00%(upstream:short)%00%(objectname)%00%(upstream:track)%00%(upstream:remotename)%00%(upstream:remoteref) refs/heads/main refs/remotes/main [1ms]
2022-12-21 04:56:28.199 [info] > git for-each-ref --sort -committerdate --format %(refname) %(objectname) %(*objectname) [1ms]
2022-12-21 04:56:28.283 [info] > git status -z -uall [113ms]
2022-12-21 04:56:41.772 [info] > git config --get commit.template [1ms]
2022-12-21 04:56:41.779 [info] > git for-each-ref --format=%(refname)%00%(upstream:short)%00%(objectname)%00%(upstream:track)%00%(upstream:remotename)%00%(upstream:remoteref) refs/heads/main refs/remotes/main [1ms]
2022-12-21 04:56:41.792 [info] > git for-each-ref --sort -committerdate --format %(refname) %(objectname) %(*objectname) [0ms]
2022-12-21 04:56:41.900 [info] > git status -z -uall [116ms]
2022-12-21 04:57:03.251 [info] > git config --get commit.template [1ms]
2022-12-21 04:57:03.258 [info] > git for-each-ref --format=%(refname)%00%(upstream:short)%00%(objectname)%00%(upstream:track)%00%(upstream:remotename)%00%(upstream:remoteref) refs/heads/main refs/remotes/main [1ms]
2022-12-21 04:57:03.295 [info] > git for-each-ref --sort -committerdate --format %(refname) %(objectname) %(*objectname) [8ms]
2022-12-21 04:57:03.385 [info] > git status -z -uall [117ms]
2022-12-21 04:57:49.904 [info] > git config --get commit.template [1ms]
2022-12-21 04:57:49.913 [info] > git for-each-ref --format=%(refname)%00%(upstream:short)%00%(objectname)%00%(upstream:track)%00%(upstream:remotename)%00%(upstream:remoteref) refs/heads/main refs/remotes/main [0ms]
2022-12-21 04:57:49.958 [info] > git for-each-ref --sort -committerdate --format %(refname) %(objectname) %(*objectname) [4ms]
2022-12-21 04:57:50.045 [info] > git status -z -uall [125ms]
2022-12-21 04:59:12.435 [info] > git config --get commit.template [7ms]
2022-12-21 04:59:12.438 [info] > git for-each-ref --format=%(refname)%00%(upstream:short)%00%(objectname)%00%(upstream:track)%00%(upstream:remotename)%00%(upstream:remoteref) refs/heads/main refs/remotes/main [3ms]
2022-12-21 04:59:12.476 [info] > git for-each-ref --sort -committerdate --format %(refname) %(objectname) %(*objectname) [25ms]
2022-12-21 04:59:12.562 [info] > git status -z -uall [118ms]
2022-12-21 04:59:19.566 [info] > git config --get commit.template [1ms]
2022-12-21 04:59:19.574 [info] > git for-each-ref --format=%(refname)%00%(upstream:short)%00%(objectname)%00%(upstream:track)%00%(upstream:remotename)%00%(upstream:remoteref) refs/heads/main refs/remotes/main [1ms]
2022-12-21 04:59:19.607 [info] > git for-each-ref --sort -committerdate --format %(refname) %(objectname) %(*objectname) [1ms]
2022-12-21 04:59:19.693 [info] > git status -z -uall [109ms]
2022-12-21 04:59:36.050 [info] > git config --get commit.template [1ms]
2022-12-21 04:59:36.057 [info] > git for-each-ref --format=%(refname)%00%(upstream:short)%00%(objectname)%00%(upstream:track)%00%(upstream:remotename)%00%(upstream:remoteref) refs/heads/main refs/remotes/main [1ms]
2022-12-21 04:59:36.094 [info] > git for-each-ref --sort -committerdate --format %(refname) %(objectname) %(*objectname) [14ms]
2022-12-21 04:59:36.176 [info] > git status -z -uall [112ms]
2022-12-21 04:59:41.228 [info] > git config --get commit.template [1ms]
2022-12-21 04:59:41.236 [info] > git for-each-ref --format=%(refname)%00%(upstream:short)%00%(objectname)%00%(upstream:track)%00%(upstream:remotename)%00%(upstream:remoteref) refs/heads/main refs/remotes/main [0ms]
2022-12-21 04:59:41.276 [info] > git for-each-ref --sort -committerdate --format %(refname) %(objectname) %(*objectname) [4ms]
2022-12-21 04:59:41.350 [info] > git status -z -uall [106ms]
2022-12-21 04:59:46.402 [info] > git config --get commit.template [6ms]
2022-12-21 04:59:46.404 [info] > git for-each-ref --format=%(refname)%00%(upstream:short)%00%(objectname)%00%(upstream:track)%00%(upstream:remotename)%00%(upstream:remoteref) refs/heads/main refs/remotes/main [3ms]
2022-12-21 04:59:46.417 [info] > git for-each-ref --sort -committerdate --format %(refname) %(objectname) %(*objectname) [2ms]
2022-12-21 04:59:46.517 [info] > git status -z -uall [108ms]
2022-12-21 04:59:51.559 [info] > git config --get commit.template [1ms]
2022-12-21 04:59:51.568 [info] > git for-each-ref --format=%(refname)%00%(upstream:short)%00%(objectname)%00%(upstream:track)%00%(upstream:remotename)%00%(upstream:remoteref) refs/heads/main refs/remotes/main [2ms]
2022-12-21 04:59:51.592 [info] > git for-each-ref --sort -committerdate --format %(refname) %(objectname) %(*objectname) [5ms]
2022-12-21 04:59:51.699 [info] > git status -z -uall [122ms]
2022-12-21 05:00:03.379 [info] > git config --get commit.template [1ms]
2022-12-21 05:00:03.388 [info] > git for-each-ref --format=%(refname)%00%(upstream:short)%00%(objectname)%00%(upstream:track)%00%(upstream:remotename)%00%(upstream:remoteref) refs/heads/main refs/remotes/main [0ms]
2022-12-21 05:00:03.422 [info] > git for-each-ref --sort -committerdate --format %(refname) %(objectname) %(*objectname) [5ms]
2022-12-21 05:00:03.505 [info] > git status -z -uall [109ms]
2022-12-21 05:00:08.548 [info] > git config --get commit.template [1ms]
2022-12-21 05:00:08.556 [info] > git for-each-ref --format=%(refname)%00%(upstream:short)%00%(objectname)%00%(upstream:track)%00%(upstream:remotename)%00%(upstream:remoteref) refs/heads/main refs/remotes/main [0ms]
2022-12-21 05:00:08.597 [info] > git for-each-ref --sort -committerdate --format %(refname) %(objectname) %(*objectname) [3ms]
2022-12-21 05:00:08.675 [info] > git status -z -uall [111ms]
2022-12-21 05:00:13.713 [info] > git config --get commit.template [7ms]
2022-12-21 05:00:13.722 [info] > git for-each-ref --format=%(refname)%00%(upstream:short)%00%(objectname)%00%(upstream:track)%00%(upstream:remotename)%00%(upstream:remoteref) refs/heads/main refs/remotes/main [2ms]
2022-12-21 05:00:13.769 [info] > git for-each-ref --sort -committerdate --format %(refname) %(objectname) %(*objectname) [34ms]
2022-12-21 05:00:13.838 [info] > git status -z -uall [109ms]
2022-12-21 05:00:18.873 [info] > git config --get commit.template [1ms]
2022-12-21 05:00:18.881 [info] > git for-each-ref --format=%(refname)%00%(upstream:short)%00%(objectname)%00%(upstream:track)%00%(upstream:remotename)%00%(upstream:remoteref) refs/heads/main refs/remotes/main [1ms]
2022-12-21 05:00:18.954 [info] > git for-each-ref --sort -committerdate --format %(refname) %(objectname) %(*objectname) [41ms]
2022-12-21 05:00:19.048 [info] > git status -z -uall [160ms]
2022-12-21 05:00:24.085 [info] > git config --get commit.template [1ms]
2022-12-21 05:00:24.094 [info] > git for-each-ref --format=%(refname)%00%(upstream:short)%00%(objectname)%00%(upstream:track)%00%(upstream:remotename)%00%(upstream:remoteref) refs/heads/main refs/remotes/main [1ms]
2022-12-21 05:00:24.138 [info] > git for-each-ref --sort -committerdate --format %(refname) %(objectname) %(*objectname) [4ms]
2022-12-21 05:00:24.220 [info] > git status -z -uall [116ms]
2022-12-21 05:00:29.311 [info] > git config --get commit.template [9ms]
2022-12-21 05:00:29.313 [info] > git for-each-ref --format=%(refname)%00%(upstream:short)%00%(objectname)%00%(upstream:track)%00%(upstream:remotename)%00%(upstream:remoteref) refs/heads/main refs/remotes/main [3ms]
2022-12-21 05:00:29.329 [info] > git for-each-ref --sort -committerdate --format %(refname) %(objectname) %(*objectname) [3ms]
2022-12-21 05:00:29.428 [info] > git status -z -uall [109ms]
2022-12-21 05:00:34.464 [info] > git config --get commit.template [1ms]
2022-12-21 05:00:34.472 [info] > git for-each-ref --format=%(refname)%00%(upstream:short)%00%(objectname)%00%(upstream:track)%00%(upstream:remotename)%00%(upstream:remoteref) refs/heads/main refs/remotes/main [1ms]
2022-12-21 05:00:34.517 [info] > git for-each-ref --sort -committerdate --format %(refname) %(objectname) %(*objectname) [3ms]
2022-12-21 05:00:34.588 [info] > git status -z -uall [108ms]
2022-12-21 05:00:39.634 [info] > git config --get commit.template [0ms]
2022-12-21 05:00:39.643 [info] > git for-each-ref --format=%(refname)%00%(upstream:short)%00%(objectname)%00%(upstream:track)%00%(upstream:remotename)%00%(upstream:remoteref) refs/heads/main refs/remotes/main [0ms]
2022-12-21 05:00:39.680 [info] > git for-each-ref --sort -committerdate --format %(refname) %(objectname) %(*objectname) [2ms]
2022-12-21 05:00:39.800 [info] > git status -z -uall [149ms]
2022-12-21 05:00:44.844 [info] > git config --get commit.template [1ms]
2022-12-21 05:00:44.853 [info] > git for-each-ref --format=%(refname)%00%(upstream:short)%00%(objectname)%00%(upstream:track)%00%(upstream:remotename)%00%(upstream:remoteref) refs/heads/main refs/remotes/main [1ms]
2022-12-21 05:00:44.872 [info] > git for-each-ref --sort -committerdate --format %(refname) %(objectname) %(*objectname) [2ms]
2022-12-21 05:00:44.970 [info] > git status -z -uall [110ms]
2022-12-21 05:00:50.007 [info] > git config --get commit.template [1ms]
2022-12-21 05:00:50.016 [info] > git for-each-ref --format=%(refname)%00%(upstream:short)%00%(objectname)%00%(upstream:track)%00%(upstream:remotename)%00%(upstream:remoteref) refs/heads/main refs/remotes/main [1ms]
2022-12-21 05:00:50.059 [info] > git for-each-ref --sort -committerdate --format %(refname) %(objectname) %(*objectname) [5ms]
2022-12-21 05:00:50.157 [info] > git status -z -uall [133ms]
2022-12-21 05:01:40.624 [info] > git config --get commit.template [1ms]
2022-12-21 05:01:40.632 [info] > git for-each-ref --format=%(refname)%00%(upstream:short)%00%(objectname)%00%(upstream:track)%00%(upstream:remotename)%00%(upstream:remoteref) refs/heads/main refs/remotes/main [1ms]
2022-12-21 05:01:40.660 [info] > git for-each-ref --sort -committerdate --format %(refname) %(objectname) %(*objectname) [4ms]
2022-12-21 05:01:40.758 [info] > git status -z -uall [118ms]
2022-12-21 05:01:45.806 [info] > git config --get commit.template [1ms]
2022-12-21 05:01:45.815 [info] > git for-each-ref --format=%(refname)%00%(upstream:short)%00%(objectname)%00%(upstream:track)%00%(upstream:remotename)%00%(upstream:remoteref) refs/heads/main refs/remotes/main [1ms]
2022-12-21 05:01:45.857 [info] > git for-each-ref --sort -committerdate --format %(refname) %(objectname) %(*objectname) [3ms]
2022-12-21 05:01:45.936 [info] > git status -z -uall [112ms]
2022-12-21 05:01:50.983 [info] > git config --get commit.template [1ms]
2022-12-21 05:01:50.992 [info] > git for-each-ref --format=%(refname)%00%(upstream:short)%00%(objectname)%00%(upstream:track)%00%(upstream:remotename)%00%(upstream:remoteref) refs/heads/main refs/remotes/main [1ms]
2022-12-21 05:01:51.033 [info] > git for-each-ref --sort -committerdate --format %(refname) %(objectname) %(*objectname) [4ms]
2022-12-21 05:01:51.116 [info] > git status -z -uall [116ms]
2022-12-21 05:01:56.218 [info] > git config --get commit.template [3ms]
2022-12-21 05:01:56.240 [info] > git for-each-ref --format=%(refname)%00%(upstream:short)%00%(objectname)%00%(upstream:track)%00%(upstream:remotename)%00%(upstream:remoteref) refs/heads/main refs/remotes/main [6ms]
2022-12-21 05:01:56.374 [info] > git for-each-ref --sort -committerdate --format %(refname) %(objectname) %(*objectname) [14ms]
2022-12-21 05:01:56.612 [info] > git status -z -uall [354ms]
2022-12-21 05:02:01.728 [info] > git config --get commit.template [1ms]
2022-12-21 05:02:01.737 [info] > git for-each-ref --format=%(refname)%00%(upstream:short)%00%(objectname)%00%(upstream:track)%00%(upstream:remotename)%00%(upstream:remoteref) refs/heads/main refs/remotes/main [1ms]
2022-12-21 05:02:01.755 [info] > git for-each-ref --sort -committerdate --format %(refname) %(objectname) %(*objectname) [3ms]
2022-12-21 05:02:01.856 [info] > git status -z -uall [112ms]
2022-12-21 05:03:03.632 [info] > git config --get commit.template [1ms]
2022-12-21 05:03:03.642 [info] > git for-each-ref --format=%(refname)%00%(upstream:short)%00%(objectname)%00%(upstream:track)%00%(upstream:remotename)%00%(upstream:remoteref) refs/heads/main refs/remotes/main [1ms]
2022-12-21 05:03:03.658 [info] > git for-each-ref --sort -committerdate --format %(refname) %(objectname) %(*objectname) [3ms]
2022-12-21 05:03:03.774 [info] > git status -z -uall [126ms]
2022-12-21 05:03:42.184 [info] > git config --get commit.template [1ms]
2022-12-21 05:03:42.191 [info] > git for-each-ref --format=%(refname)%00%(upstream:short)%00%(objectname)%00%(upstream:track)%00%(upstream:remotename)%00%(upstream:remoteref) refs/heads/main refs/remotes/main [0ms]
2022-12-21 05:03:42.232 [info] > git for-each-ref --sort -committerdate --format %(refname) %(objectname) %(*objectname) [4ms]
2022-12-21 05:03:42.311 [info] > git status -z -uall [112ms]
2022-12-21 05:03:45.970 [info] > git check-ignore -v -z --stdin [18ms]
2022-12-21 05:03:47.365 [info] > git config --get commit.template [2ms]
2022-12-21 05:03:47.375 [info] > git for-each-ref --format=%(refname)%00%(upstream:short)%00%(objectname)%00%(upstream:track)%00%(upstream:remotename)%00%(upstream:remoteref) refs/heads/main refs/remotes/main [3ms]
2022-12-21 05:03:47.415 [info] > git for-each-ref --sort -committerdate --format %(refname) %(objectname) %(*objectname) [14ms]
2022-12-21 05:03:47.505 [info] > git status -z -uall [123ms]
2022-12-21 05:03:48.596 [info] > git check-ignore -v -z --stdin [187ms]
2022-12-21 05:03:50.028 [info] > git check-ignore -v -z --stdin [52ms]
2022-12-21 05:03:57.596 [info] > git for-each-ref --format=%(refname)%00%(upstream:short)%00%(objectname)%00%(upstream:track)%00%(upstream:remotename)%00%(upstream:remoteref) refs/heads/main refs/remotes/main [1ms]
2022-12-21 05:03:57.596 [info] > git config --get commit.template [10ms]
2022-12-21 05:03:57.632 [info] > git for-each-ref --sort -committerdate --format %(refname) %(objectname) %(*objectname) [0ms]
2022-12-21 05:03:57.717 [info] > git status -z -uall [111ms]
2022-12-21 05:04:02.754 [info] > git config --get commit.template [1ms]
2022-12-21 05:04:02.764 [info] > git for-each-ref --format=%(refname)%00%(upstream:short)%00%(objectname)%00%(upstream:track)%00%(upstream:remotename)%00%(upstream:remoteref) refs/heads/main refs/remotes/main [3ms]
2022-12-21 05:04:02.784 [info] > git for-each-ref --sort -committerdate --format %(refname) %(objectname) %(*objectname) [4ms]
2022-12-21 05:04:02.887 [info] > git status -z -uall [114ms]
2022-12-21 05:04:07.929 [info] > git config --get commit.template [1ms]
2022-12-21 05:04:07.937 [info] > git for-each-ref --format=%(refname)%00%(upstream:short)%00%(objectname)%00%(upstream:track)%00%(upstream:remotename)%00%(upstream:remoteref) refs/heads/main refs/remotes/main [1ms]
2022-12-21 05:04:07.955 [info] > git for-each-ref --sort -committerdate --format %(refname) %(objectname) %(*objectname) [5ms]
2022-12-21 05:04:08.050 [info] > git status -z -uall [107ms]
2022-12-21 05:04:12.927 [info] > git add -A -- . [1015ms]
2022-12-21 05:04:12.927 [info] error: open(".viminfo"): Permission denied
error: unable to index file .viminfo
fatal: adding files failed
2022-12-21 05:04:13.084 [info] > git config --get commit.template [1ms]
2022-12-21 05:04:13.093 [info] > git for-each-ref --format=%(refname)%00%(upstream:short)%00%(objectname)%00%(upstream:track)%00%(upstream:remotename)%00%(upstream:remoteref) refs/heads/main refs/remotes/main [1ms]
2022-12-21 05:04:13.131 [info] > git for-each-ref --sort -committerdate --format %(refname) %(objectname) %(*objectname) [2ms]
2022-12-21 05:04:13.212 [info] > git status -z -uall [112ms]
2022-12-21 05:04:18.251 [info] > git config --get commit.template [1ms]
2022-12-21 05:04:18.262 [info] > git for-each-ref --format=%(refname)%00%(upstream:short)%00%(objectname)%00%(upstream:track)%00%(upstream:remotename)%00%(upstream:remoteref) refs/heads/main refs/remotes/main [3ms]
2022-12-21 05:04:18.320 [info] > git for-each-ref --sort -committerdate --format %(refname) %(objectname) %(*objectname) [42ms]
2022-12-21 05:04:18.411 [info] > git status -z -uall [140ms]
2022-12-21 05:04:18.799 [info] > git add -A -- . [480ms]
2022-12-21 05:04:18.799 [info] error: open(".viminfo"): Permission denied
error: unable to index file .viminfo
fatal: adding files failed
2022-12-21 05:04:23.464 [info] > git config --get commit.template [1ms]
2022-12-21 05:04:23.473 [info] > git for-each-ref --format=%(refname)%00%(upstream:short)%00%(objectname)%00%(upstream:track)%00%(upstream:remotename)%00%(upstream:remoteref) refs/heads/main refs/remotes/main [1ms]
2022-12-21 05:04:23.515 [info] > git for-each-ref --sort -committerdate --format %(refname) %(objectname) %(*objectname) [4ms]
2022-12-21 05:04:23.599 [info] > git status -z -uall [116ms]
2022-12-21 05:04:27.983 [info] > git add -A -- . [255ms]
2022-12-21 05:04:27.983 [info] error: open(".viminfo"): Permission denied
error: unable to index file .viminfo
fatal: adding files failed
2022-12-21 05:04:28.681 [info] > git config --get commit.template [1ms]
2022-12-21 05:04:28.690 [info] > git for-each-ref --format=%(refname)%00%(upstream:short)%00%(objectname)%00%(upstream:track)%00%(upstream:remotename)%00%(upstream:remoteref) refs/heads/main refs/remotes/main [1ms]
2022-12-21 05:04:28.744 [info] > git for-each-ref --sort -committerdate --format %(refname) %(objectname) %(*objectname) [41ms]
2022-12-21 05:04:28.853 [info] > git status -z -uall [157ms]
2022-12-21 05:04:33.889 [info] > git config --get commit.template [1ms]
2022-12-21 05:04:33.897 [info] > git for-each-ref --format=%(refname)%00%(upstream:short)%00%(objectname)%00%(upstream:track)%00%(upstream:remotename)%00%(upstream:remoteref) refs/heads/main refs/remotes/main [1ms]
2022-12-21 05:04:33.940 [info] > git for-each-ref --sort -committerdate --format %(refname) %(objectname) %(*objectname) [3ms]
2022-12-21 05:04:34.026 [info] > git status -z -uall [118ms]
2022-12-21 05:04:39.093 [info] > git config --get commit.template [1ms]
2022-12-21 05:04:39.101 [info] > git for-each-ref --format=%(refname)%00%(upstream:short)%00%(objectname)%00%(upstream:track)%00%(upstream:remotename)%00%(upstream:remoteref) refs/heads/main refs/remotes/main [1ms]
2022-12-21 05:04:39.132 [info] > git for-each-ref --sort -committerdate --format %(refname) %(objectname) %(*objectname) [15ms]
2022-12-21 05:04:39.219 [info] > git status -z -uall [111ms]
2022-12-21 05:04:44.262 [info] > git config --get commit.template [2ms]
2022-12-21 05:04:44.269 [info] > git for-each-ref --format=%(refname)%00%(upstream:short)%00%(objectname)%00%(upstream:track)%00%(upstream:remotename)%00%(upstream:remoteref) refs/heads/main refs/remotes/main [1ms]
2022-12-21 05:04:44.302 [info] > git for-each-ref --sort -committerdate --format %(refname) %(objectname) %(*objectname) [18ms]
2022-12-21 05:04:44.384 [info] > git status -z -uall [108ms]
2022-12-21 05:04:49.420 [info] > git config --get commit.template [0ms]
2022-12-21 05:04:49.428 [info] > git for-each-ref --format=%(refname)%00%(upstream:short)%00%(objectname)%00%(upstream:track)%00%(upstream:remotename)%00%(upstream:remoteref) refs/heads/main refs/remotes/main [1ms]
2022-12-21 05:04:49.445 [info] > git for-each-ref --sort -committerdate --format %(refname) %(objectname) %(*objectname) [3ms]
2022-12-21 05:04:49.547 [info] > git status -z -uall [111ms]
2022-12-21 05:04:54.651 [info] > git config --get commit.template [2ms]
2022-12-21 05:04:54.659 [info] > git for-each-ref --format=%(refname)%00%(upstream:short)%00%(objectname)%00%(upstream:track)%00%(upstream:remotename)%00%(upstream:remoteref) refs/heads/main refs/remotes/main [1ms]
2022-12-21 05:04:54.698 [info] > git for-each-ref --sort -committerdate --format %(refname) %(objectname) %(*objectname) [10ms]
2022-12-21 05:04:54.780 [info] > git status -z -uall [112ms]
2022-12-21 05:04:59.816 [info] > git config --get commit.template [0ms]
2022-12-21 05:04:59.825 [info] > git for-each-ref --format=%(refname)%00%(upstream:short)%00%(objectname)%00%(upstream:track)%00%(upstream:remotename)%00%(upstream:remoteref) refs/heads/main refs/remotes/main [1ms]
2022-12-21 05:04:59.870 [info] > git for-each-ref --sort -committerdate --format %(refname) %(objectname) %(*objectname) [3ms]
2022-12-21 05:04:59.944 [info] > git status -z -uall [112ms]
2022-12-21 05:05:05.044 [info] > git config --get commit.template [1ms]
2022-12-21 05:05:05.052 [info] > git for-each-ref --format=%(refname)%00%(upstream:short)%00%(objectname)%00%(upstream:track)%00%(upstream:remotename)%00%(upstream:remoteref) refs/heads/main refs/remotes/main [1ms]
2022-12-21 05:05:05.091 [info] > git for-each-ref --sort -committerdate --format %(refname) %(objectname) %(*objectname) [3ms]
2022-12-21 05:05:05.172 [info] > git status -z -uall [112ms]
2022-12-21 05:05:10.245 [info] > git config --get commit.template [1ms]
2022-12-21 05:05:10.253 [info] > git for-each-ref --format=%(refname)%00%(upstream:short)%00%(objectname)%00%(upstream:track)%00%(upstream:remotename)%00%(upstream:remoteref) refs/heads/main refs/remotes/main [1ms]
2022-12-21 05:05:10.292 [info] > git for-each-ref --sort -committerdate --format %(refname) %(objectname) %(*objectname) [24ms]
2022-12-21 05:05:10.369 [info] > git status -z -uall [109ms]
2022-12-21 05:05:15.690 [info] > git config --get commit.template [1ms]
2022-12-21 05:05:15.698 [info] > git for-each-ref --format=%(refname)%00%(upstream:short)%00%(objectname)%00%(upstream:track)%00%(upstream:remotename)%00%(upstream:remoteref) refs/heads/main refs/remotes/main [0ms]
2022-12-21 05:05:15.718 [info] > git for-each-ref --sort -committerdate --format %(refname) %(objectname) %(*objectname) [4ms]
2022-12-21 05:05:15.831 [info] > git status -z -uall [124ms]
2022-12-21 05:05:40.393 [info] > git config --get commit.template [1ms]
2022-12-21 05:05:40.406 [info] > git for-each-ref --format=%(refname)%00%(upstream:short)%00%(objectname)%00%(upstream:track)%00%(upstream:remotename)%00%(upstream:remoteref) refs/heads/main refs/remotes/main [4ms]
2022-12-21 05:05:40.427 [info] > git for-each-ref --sort -committerdate --format %(refname) %(objectname) %(*objectname) [1ms]
2022-12-21 05:05:40.529 [info] > git status -z -uall [113ms]
2022-12-21 05:05:45.564 [info] > git config --get commit.template [1ms]
2022-12-21 05:05:45.571 [info] > git for-each-ref --format=%(refname)%00%(upstream:short)%00%(objectname)%00%(upstream:track)%00%(upstream:remotename)%00%(upstream:remoteref) refs/heads/main refs/remotes/main [0ms]
2022-12-21 05:05:45.620 [info] > git for-each-ref --sort -committerdate --format %(refname) %(objectname) %(*objectname) [3ms]
2022-12-21 05:05:45.685 [info] > git status -z -uall [105ms]
2022-12-21 05:05:50.733 [info] > git config --get commit.template [1ms]
2022-12-21 05:05:50.742 [info] > git for-each-ref --format=%(refname)%00%(upstream:short)%00%(objectname)%00%(upstream:track)%00%(upstream:remotename)%00%(upstream:remoteref) refs/heads/main refs/remotes/main [3ms]
2022-12-21 05:05:50.787 [info] > git for-each-ref --sort -committerdate --format %(refname) %(objectname) %(*objectname) [33ms]
2022-12-21 05:05:50.906 [info] > git status -z -uall [159ms]
2022-12-21 05:05:55.942 [info] > git config --get commit.template [1ms]
2022-12-21 05:05:55.951 [info] > git for-each-ref --format=%(refname)%00%(upstream:short)%00%(objectname)%00%(upstream:track)%00%(upstream:remotename)%00%(upstream:remoteref) refs/heads/main refs/remotes/main [2ms]
2022-12-21 05:05:55.996 [info] > git for-each-ref --sort -committerdate --format %(refname) %(objectname) %(*objectname) [4ms]
2022-12-21 05:05:56.080 [info] > git status -z -uall [120ms]
2022-12-21 05:05:56.820 [info] > git add -A -- . [294ms]
2022-12-21 05:05:56.820 [info] error: open(".viminfo"): Permission denied
error: unable to index file .viminfo
fatal: adding files failed
2022-12-21 05:06:01.164 [info] > git config --get commit.template [1ms]
2022-12-21 05:06:01.173 [info] > git for-each-ref --format=%(refname)%00%(upstream:short)%00%(objectname)%00%(upstream:track)%00%(upstream:remotename)%00%(upstream:remoteref) refs/heads/main refs/remotes/main [1ms]
2022-12-21 05:06:01.217 [info] > git for-each-ref --sort -committerdate --format %(refname) %(objectname) %(*objectname) [21ms]
2022-12-21 05:06:01.293 [info] > git status -z -uall [109ms]
2022-12-21 05:06:06.337 [info] > git config --get commit.template [1ms]
2022-12-21 05:06:06.360 [info] > git for-each-ref --format=%(refname)%00%(upstream:short)%00%(objectname)%00%(upstream:track)%00%(upstream:remotename)%00%(upstream:remoteref) refs/heads/main refs/remotes/main [16ms]
2022-12-21 05:06:06.455 [info] > git for-each-ref --sort -committerdate --format %(refname) %(objectname) %(*objectname) [59ms]
2022-12-21 05:06:06.519 [info] > git status -z -uall [141ms]
2022-12-21 05:06:11.567 [info] > git config --get commit.template [10ms]
2022-12-21 05:06:11.567 [info] > git for-each-ref --format=%(refname)%00%(upstream:short)%00%(objectname)%00%(upstream:track)%00%(upstream:remotename)%00%(upstream:remoteref) refs/heads/main refs/remotes/main [1ms]
2022-12-21 05:06:11.608 [info] > git for-each-ref --sort -committerdate --format %(refname) %(objectname) %(*objectname) [3ms]
2022-12-21 05:06:11.692 [info] > git status -z -uall [116ms]
2022-12-21 05:06:13.119 [info] > git add -A -- . [253ms]
2022-12-21 05:06:13.120 [info] error: open(".viminfo"): Permission denied
error: unable to index file .viminfo
fatal: adding files failed
2022-12-21 05:06:16.770 [info] > git config --get commit.template [1ms]
2022-12-21 05:06:16.779 [info] > git for-each-ref --format=%(refname)%00%(upstream:short)%00%(objectname)%00%(upstream:track)%00%(upstream:remotename)%00%(upstream:remoteref) refs/heads/main refs/remotes/main [1ms]
2022-12-21 05:06:16.823 [info] > git for-each-ref --sort -committerdate --format %(refname) %(objectname) %(*objectname) [4ms]
2022-12-21 05:06:16.898 [info] > git status -z -uall [110ms]
2022-12-21 05:06:21.941 [info] > git config --get commit.template [4ms]
2022-12-21 05:06:21.985 [info] > git for-each-ref --format=%(refname)%00%(upstream:short)%00%(objectname)%00%(upstream:track)%00%(upstream:remotename)%00%(upstream:remoteref) refs/heads/main refs/remotes/main [27ms]
2022-12-21 05:06:22.055 [info] > git for-each-ref --sort -committerdate --format %(refname) %(objectname) %(*objectname) [51ms]
2022-12-21 05:06:22.131 [info] > git status -z -uall [135ms]
2022-12-21 05:06:33.892 [info] > git config --get commit.template [0ms]
2022-12-21 05:06:33.901 [info] > git for-each-ref --format=%(refname)%00%(upstream:short)%00%(objectname)%00%(upstream:track)%00%(upstream:remotename)%00%(upstream:remoteref) refs/heads/main refs/remotes/main [1ms]
2022-12-21 05:06:33.941 [info] > git for-each-ref --sort -committerdate --format %(refname) %(objectname) %(*objectname) [3ms]
2022-12-21 05:06:34.066 [info] > git status -z -uall [158ms]
2022-12-21 05:06:39.102 [info] > git config --get commit.template [1ms]
2022-12-21 05:06:39.111 [info] > git for-each-ref --format=%(refname)%00%(upstream:short)%00%(objectname)%00%(upstream:track)%00%(upstream:remotename)%00%(upstream:remoteref) refs/heads/main refs/remotes/main [0ms]
2022-12-21 05:06:39.153 [info] > git for-each-ref --sort -committerdate --format %(refname) %(objectname) %(*objectname) [4ms]
2022-12-21 05:06:39.227 [info] > git status -z -uall [107ms]
2022-12-21 05:06:55.957 [info] > git config --get commit.template [1ms]
2022-12-21 05:06:56.026 [info] > git for-each-ref --format=%(refname)%00%(upstream:short)%00%(objectname)%00%(upstream:track)%00%(upstream:remotename)%00%(upstream:remoteref) refs/heads/main refs/remotes/main [16ms]
2022-12-21 05:06:56.071 [info] > git for-each-ref --sort -committerdate --format %(refname) %(objectname) %(*objectname) [23ms]
2022-12-21 05:06:56.154 [info] > git status -z -uall [118ms]
2022-12-21 05:07:01.212 [info] > git config --get commit.template [9ms]
2022-12-21 05:07:01.212 [info] > git for-each-ref --format=%(refname)%00%(upstream:short)%00%(objectname)%00%(upstream:track)%00%(upstream:remotename)%00%(upstream:remoteref) refs/heads/main refs/remotes/main [2ms]
2022-12-21 05:07:01.256 [info] > git for-each-ref --sort -committerdate --format %(refname) %(objectname) %(*objectname) [4ms]
2022-12-21 05:07:01.328 [info] > git status -z -uall [108ms]
2022-12-21 05:07:26.183 [info] > git config --get commit.template [1ms]
2022-12-21 05:07:26.192 [info] > git for-each-ref --format=%(refname)%00%(upstream:short)%00%(objectname)%00%(upstream:track)%00%(upstream:remotename)%00%(upstream:remoteref) refs/heads/main refs/remotes/main [0ms]
2022-12-21 05:07:26.235 [info] > git for-each-ref --sort -committerdate --format %(refname) %(objectname) %(*objectname) [4ms]
2022-12-21 05:07:26.310 [info] > git status -z -uall [110ms]
2022-12-21 05:07:31.363 [info] > git config --get commit.template [0ms]
2022-12-21 05:07:31.371 [info] > git for-each-ref --format=%(refname)%00%(upstream:short)%00%(objectname)%00%(upstream:track)%00%(upstream:remotename)%00%(upstream:remoteref) refs/heads/main refs/remotes/main [2ms]
2022-12-21 05:07:31.414 [info] > git for-each-ref --sort -committerdate --format %(refname) %(objectname) %(*objectname) [9ms]
2022-12-21 05:07:31.490 [info] > git status -z -uall [110ms]
2022-12-21 05:07:40.937 [info] > git config --get commit.template [1ms]
2022-12-21 05:07:40.945 [info] > git for-each-ref --format=%(refname)%00%(upstream:short)%00%(objectname)%00%(upstream:track)%00%(upstream:remotename)%00%(upstream:remoteref) refs/heads/main refs/remotes/main [1ms]
2022-12-21 05:07:40.989 [info] > git for-each-ref --sort -committerdate --format %(refname) %(objectname) %(*objectname) [10ms]
2022-12-21 05:07:41.065 [info] > git status -z -uall [109ms]
2022-12-21 05:07:48.546 [info] > git config --get commit.template [1ms]
2022-12-21 05:07:48.555 [info] > git for-each-ref --format=%(refname)%00%(upstream:short)%00%(objectname)%00%(upstream:track)%00%(upstream:remotename)%00%(upstream:remoteref) refs/heads/main refs/remotes/main [1ms]
2022-12-21 05:07:48.569 [info] > git for-each-ref --sort -committerdate --format %(refname) %(objectname) %(*objectname) [0ms]
2022-12-21 05:07:48.669 [info] > git status -z -uall [109ms]
2022-12-21 05:08:03.775 [info] > git config --get commit.template [1ms]
2022-12-21 05:08:03.784 [info] > git for-each-ref --format=%(refname)%00%(upstream:short)%00%(objectname)%00%(upstream:track)%00%(upstream:remotename)%00%(upstream:remoteref) refs/heads/main refs/remotes/main [0ms]
2022-12-21 05:08:03.822 [info] > git for-each-ref --sort -committerdate --format %(refname) %(objectname) %(*objectname) [6ms]
2022-12-21 05:08:03.903 [info] > git status -z -uall [111ms]
2022-12-21 05:08:08.939 [info] > git config --get commit.template [1ms]
2022-12-21 05:08:08.949 [info] > git for-each-ref --format=%(refname)%00%(upstream:short)%00%(objectname)%00%(upstream:track)%00%(upstream:remotename)%00%(upstream:remoteref) refs/heads/main refs/remotes/main [1ms]
2022-12-21 05:08:08.987 [info] > git for-each-ref --sort -committerdate --format %(refname) %(objectname) %(*objectname) [6ms]
2022-12-21 05:08:09.067 [info] > git status -z -uall [111ms]
2022-12-21 05:08:14.111 [info] > git config --get commit.template [2ms]
2022-12-21 05:08:14.121 [info] > git for-each-ref --format=%(refname)%00%(upstream:short)%00%(objectname)%00%(upstream:track)%00%(upstream:remotename)%00%(upstream:remoteref) refs/heads/main refs/remotes/main [1ms]
2022-12-21 05:08:14.164 [info] > git for-each-ref --sort -committerdate --format %(refname) %(objectname) %(*objectname) [3ms]
2022-12-21 05:08:14.242 [info] > git status -z -uall [110ms]
2022-12-21 05:08:32.454 [info] > git config --get commit.template [1ms]
2022-12-21 05:08:32.465 [info] > git for-each-ref --format=%(refname)%00%(upstream:short)%00%(objectname)%00%(upstream:track)%00%(upstream:remotename)%00%(upstream:remoteref) refs/heads/main refs/remotes/main [0ms]
2022-12-21 05:08:32.510 [info] > git for-each-ref --sort -committerdate --format %(refname) %(objectname) %(*objectname) [3ms]
2022-12-21 05:08:32.588 [info] > git status -z -uall [112ms]
2022-12-21 05:08:35.709 [info] > git add -A -- . [256ms]
2022-12-21 05:08:35.709 [info] error: open(".viminfo"): Permission denied
error: unable to index file .viminfo
fatal: adding files failed
2022-12-21 05:08:37.626 [info] > git config --get commit.template [1ms]
2022-12-21 05:08:37.634 [info] > git for-each-ref --format=%(refname)%00%(upstream:short)%00%(objectname)%00%(upstream:track)%00%(upstream:remotename)%00%(upstream:remoteref) refs/heads/main refs/remotes/main [2ms]
2022-12-21 05:08:37.654 [info] > git for-each-ref --sort -committerdate --format %(refname) %(objectname) %(*objectname) [7ms]
2022-12-21 05:08:37.756 [info] > git status -z -uall [116ms]
2022-12-21 05:08:42.806 [info] > git config --get commit.template [10ms]
2022-12-21 05:08:42.807 [info] > git for-each-ref --format=%(refname)%00%(upstream:short)%00%(objectname)%00%(upstream:track)%00%(upstream:remotename)%00%(upstream:remoteref) refs/heads/main refs/remotes/main [2ms]
2022-12-21 05:08:42.848 [info] > git for-each-ref --sort -committerdate --format %(refname) %(objectname) %(*objectname) [12ms]
2022-12-21 05:08:42.977 [info] > git status -z -uall [159ms]
2022-12-21 05:09:39.061 [info] > git config --get commit.template [2ms]
2022-12-21 05:09:39.068 [info] > git for-each-ref --format=%(refname)%00%(upstream:short)%00%(objectname)%00%(upstream:track)%00%(upstream:remotename)%00%(upstream:remoteref) refs/heads/main refs/remotes/main [1ms]
2022-12-21 05:09:39.106 [info] > git for-each-ref --sort -committerdate --format %(refname) %(objectname) %(*objectname) [12ms]
2022-12-21 05:09:39.192 [info] > git status -z -uall [116ms]
2022-12-21 05:09:44.245 [info] > git config --get commit.template [1ms]
2022-12-21 05:09:44.253 [info] > git for-each-ref --format=%(refname)%00%(upstream:short)%00%(objectname)%00%(upstream:track)%00%(upstream:remotename)%00%(upstream:remoteref) refs/heads/main refs/remotes/main [0ms]
2022-12-21 05:09:44.294 [info] > git for-each-ref --sort -committerdate --format %(refname) %(objectname) %(*objectname) [3ms]
2022-12-21 05:09:44.368 [info] > git status -z -uall [108ms]
