*
* Visual Studio Code Server
*
* By using the software, you agree to
* the Visual Studio Code Server License Terms (https://aka.ms/vscode-server-license) and
* the Microsoft Privacy Statement (https://privacy.microsoft.com/en-US/privacystatement).
*
Server bound to 127.0.0.1:40859 (IPv4)
Extension host agent listening on 40859

[18:49:45] Extension host agent started.
[18:49:45] Started initializing default profile extensions in extensions installation folder. file:///home/myhuamobboss/.vscode-server/extensions
[18:49:45] Completed initializing default profile extensions in extensions installation folder. file:///home/myhuamobboss/.vscode-server/extensions
[18:49:45] [127.0.0.1][fc17d088][ManagementConnection] New connection established.
[18:49:45] [127.0.0.1][76295d07][ExtensionHostConnection] New connection established.
[18:49:45] [127.0.0.1][76295d07][ExtensionHostConnection] <3216> Launched Extension Host Process.
[IPC Library: Pty Host]  WARN Shell integration cannot be enabled for executable "/bin/sh" and args [
  '-c',
  'wget --version > /dev/null\n' +
    'if [ $? -eq 0 ]\n' +
    'then\n' +
    "\twget --connect-timeout=7 --tries=1 --dns-timeout=7 -q --header='Metadata:true' -O - http://169.254.169.254/metadata/instance?api-version=2019-03-11\n" +
    'else\n' +
    '\tcurl --version > /dev/null\n' +
    '\tif [ $? -eq 0 ]\n' +
    '\tthen\n' +
    "\t\tcurl --connect-timeout 7 -s --header='Metadata:true' http://169.254.169.254/metadata/instance?api-version=2019-03-11\n" +
    '\tfi\n' +
    'fi\n' +
    'exit 0'
]
[IPC Library: Pty Host]  WARN Shell integration cannot be enabled for executable "/bin/sh" and args [
  '-c',
  'wget --version > /dev/null\n' +
    'if [ $? -eq 0 ]\n' +
    'then\n' +
    '\twget --connect-timeout=7 --tries=1 --dns-timeout=7 -q  -O - http://169.254.169.254/latest/meta-data/instance-id\n' +
    'else\n' +
    '\tcurl --version > /dev/null\n' +
    '\tif [ $? -eq 0 ]\n' +
    '\tthen\n' +
    '\t\tcurl --connect-timeout 7 -s  http://169.254.169.254/latest/meta-data/instance-id\n' +
    '\tfi\n' +
    'fi\n' +
    'exit 0'
]
[IPC Library: Pty Host]  WARN Shell integration cannot be enabled for executable "/bin/sh" and args [
  '-c',
  'wget --version > /dev/null\n' +
    'if [ $? -eq 0 ]\n' +
    'then\n' +
    '\twget --connect-timeout=7 --tries=1 --dns-timeout=7 -q  -O - http://169.254.169.254/metadata/v1/id\n' +
    'else\n' +
    '\tcurl --version > /dev/null\n' +
    '\tif [ $? -eq 0 ]\n' +
    '\tthen\n' +
    '\t\tcurl --connect-timeout 7 -s  http://169.254.169.254/metadata/v1/id\n' +
    '\tfi\n' +
    'fi\n' +
    'exit 0'
]
[IPC Library: Pty Host]  WARN Shell integration cannot be enabled for executable "/bin/sh" and args [
  '-c',
  'wget --version > /dev/null\n' +
    'if [ $? -eq 0 ]\n' +
    'then\n' +
    "\twget --connect-timeout=7 --tries=1 --dns-timeout=7 -q --header='Metadata-Flavor:Google' -O - http://metadata.google.internal/computeMetadata/v1/instance/id\n" +
    'else\n' +
    '\tcurl --version > /dev/null\n' +
    '\tif [ $? -eq 0 ]\n' +
    '\tthen\n' +
    "\t\tcurl --connect-timeout 7 -s --header='Metadata-Flavor:Google' http://metadata.google.internal/computeMetadata/v1/instance/id\n" +
    '\tfi\n' +
    'fi\n' +
    'exit 0'
]
[18:50:12] [127.0.0.1][fc17d088][ManagementConnection] The client has disconnected gracefully, so the connection will be disposed.
[18:50:12] [127.0.0.1][76295d07][ExtensionHostConnection] <3216> Extension Host Process exited with code: 0, signal: null.
Last EH closed, waiting before shutting down
[18:50:12] Last EH closed, waiting before shutting down
Got delay-shutdown request while in shutdown timeout, delaying
[18:50:26] Got delay-shutdown request while in shutdown timeout, delaying
Cancelling previous shutdown timeout
[18:50:26] Cancelling previous shutdown timeout
[18:50:27] [127.0.0.1][f6e06394][ManagementConnection] New connection established.
[18:50:27] [127.0.0.1][13246009][ExtensionHostConnection] New connection established.
[18:50:27] [127.0.0.1][13246009][ExtensionHostConnection] <3377> Launched Extension Host Process.
[IPC Library: Pty Host]  WARN Shell integration cannot be enabled for executable "/bin/sh" and args [
  '-c',
  'wget --version > /dev/null\n' +
    'if [ $? -eq 0 ]\n' +
    'then\n' +
    "\twget --connect-timeout=7 --tries=1 --dns-timeout=7 -q --header='Metadata:true' -O - http://169.254.169.254/metadata/instance?api-version=2019-03-11\n" +
    'else\n' +
    '\tcurl --version > /dev/null\n' +
    '\tif [ $? -eq 0 ]\n' +
    '\tthen\n' +
    "\t\tcurl --connect-timeout 7 -s --header='Metadata:true' http://169.254.169.254/metadata/instance?api-version=2019-03-11\n" +
    '\tfi\n' +
    'fi\n' +
    'exit 0'
]
[IPC Library: Pty Host]  WARN Shell integration cannot be enabled for executable "/bin/sh" and args [
  '-c',
  'wget --version > /dev/null\n' +
    'if [ $? -eq 0 ]\n' +
    'then\n' +
    '\twget --connect-timeout=7 --tries=1 --dns-timeout=7 -q  -O - http://169.254.169.254/latest/meta-data/instance-id\n' +
    'else\n' +
    '\tcurl --version > /dev/null\n' +
    '\tif [ $? -eq 0 ]\n' +
    '\tthen\n' +
    '\t\tcurl --connect-timeout 7 -s  http://169.254.169.254/latest/meta-data/instance-id\n' +
    '\tfi\n' +
    'fi\n' +
    'exit 0'
]
[IPC Library: Pty Host]  WARN Shell integration cannot be enabled for executable "/bin/sh" and args [
  '-c',
  'wget --version > /dev/null\n' +
    'if [ $? -eq 0 ]\n' +
    'then\n' +
    '\twget --connect-timeout=7 --tries=1 --dns-timeout=7 -q  -O - http://169.254.169.254/metadata/v1/id\n' +
    'else\n' +
    '\tcurl --version > /dev/null\n' +
    '\tif [ $? -eq 0 ]\n' +
    '\tthen\n' +
    '\t\tcurl --connect-timeout 7 -s  http://169.254.169.254/metadata/v1/id\n' +
    '\tfi\n' +
    'fi\n' +
    'exit 0'
]
[IPC Library: Pty Host]  WARN Shell integration cannot be enabled for executable "/bin/sh" and args [
  '-c',
  'wget --version > /dev/null\n' +
    'if [ $? -eq 0 ]\n' +
    'then\n' +
    "\twget --connect-timeout=7 --tries=1 --dns-timeout=7 -q --header='Metadata-Flavor:Google' -O - http://metadata.google.internal/computeMetadata/v1/instance/id\n" +
    'else\n' +
    '\tcurl --version > /dev/null\n' +
    '\tif [ $? -eq 0 ]\n' +
    '\tthen\n' +
    "\t\tcurl --connect-timeout 7 -s --header='Metadata-Flavor:Google' http://metadata.google.internal/computeMetadata/v1/instance/id\n" +
    '\tfi\n' +
    'fi\n' +
    'exit 0'
]
[18:50:42] [127.0.0.1][f6e06394][ManagementConnection] The client has disconnected gracefully, so the connection will be disposed.
[18:50:42] [127.0.0.1][13246009][ExtensionHostConnection] <3377> Extension Host Process exited with code: 0, signal: null.
Cancelling previous shutdown timeout
[18:50:42] Cancelling previous shutdown timeout
Last EH closed, waiting before shutting down
[18:50:42] Last EH closed, waiting before shutting down
Got delay-shutdown request while in shutdown timeout, delaying
[18:50:45] Got delay-shutdown request while in shutdown timeout, delaying
Cancelling previous shutdown timeout
[18:50:45] Cancelling previous shutdown timeout
[18:50:45] [127.0.0.1][844813cd][ManagementConnection] New connection established.
[18:50:45] [127.0.0.1][d8fc3839][ExtensionHostConnection] New connection established.
[18:50:45] [127.0.0.1][d8fc3839][ExtensionHostConnection] <3534> Launched Extension Host Process.
[IPC Library: Pty Host]  WARN Shell integration cannot be enabled for executable "/bin/sh" and args [
  '-c',
  'wget --version > /dev/null\n' +
    'if [ $? -eq 0 ]\n' +
    'then\n' +
    "\twget --connect-timeout=7 --tries=1 --dns-timeout=7 -q --header='Metadata:true' -O - http://169.254.169.254/metadata/instance?api-version=2019-03-11\n" +
    'else\n' +
    '\tcurl --version > /dev/null\n' +
    '\tif [ $? -eq 0 ]\n' +
    '\tthen\n' +
    "\t\tcurl --connect-timeout 7 -s --header='Metadata:true' http://169.254.169.254/metadata/instance?api-version=2019-03-11\n" +
    '\tfi\n' +
    'fi\n' +
    'exit 0'
]
[IPC Library: Pty Host]  WARN Shell integration cannot be enabled for executable "/bin/sh" and args [
  '-c',
  'wget --version > /dev/null\n' +
    'if [ $? -eq 0 ]\n' +
    'then\n' +
    '\twget --connect-timeout=7 --tries=1 --dns-timeout=7 -q  -O - http://169.254.169.254/latest/meta-data/instance-id\n' +
    'else\n' +
    '\tcurl --version > /dev/null\n' +
    '\tif [ $? -eq 0 ]\n' +
    '\tthen\n' +
    '\t\tcurl --connect-timeout 7 -s  http://169.254.169.254/latest/meta-data/instance-id\n' +
    '\tfi\n' +
    'fi\n' +
    'exit 0'
]
[IPC Library: Pty Host]  WARN Shell integration cannot be enabled for executable "/bin/sh" and args [
  '-c',
  'wget --version > /dev/null\n' +
    'if [ $? -eq 0 ]\n' +
    'then\n' +
    '\twget --connect-timeout=7 --tries=1 --dns-timeout=7 -q  -O - http://169.254.169.254/metadata/v1/id\n' +
    'else\n' +
    '\tcurl --version > /dev/null\n' +
    '\tif [ $? -eq 0 ]\n' +
    '\tthen\n' +
    '\t\tcurl --connect-timeout 7 -s  http://169.254.169.254/metadata/v1/id\n' +
    '\tfi\n' +
    'fi\n' +
    'exit 0'
]
[IPC Library: Pty Host]  WARN Shell integration cannot be enabled for executable "/bin/sh" and args [
  '-c',
  'wget --version > /dev/null\n' +
    'if [ $? -eq 0 ]\n' +
    'then\n' +
    "\twget --connect-timeout=7 --tries=1 --dns-timeout=7 -q --header='Metadata-Flavor:Google' -O - http://metadata.google.internal/computeMetadata/v1/instance/id\n" +
    'else\n' +
    '\tcurl --version > /dev/null\n' +
    '\tif [ $? -eq 0 ]\n' +
    '\tthen\n' +
    "\t\tcurl --connect-timeout 7 -s --header='Metadata-Flavor:Google' http://metadata.google.internal/computeMetadata/v1/instance/id\n" +
    '\tfi\n' +
    'fi\n' +
    'exit 0'
]
[18:51:35] [127.0.0.1][844813cd][ManagementConnection] The client has disconnected gracefully, so the connection will be disposed.
[18:51:35] [127.0.0.1][d8fc3839][ExtensionHostConnection] <3534> Extension Host Process exited with code: 0, signal: null.
Cancelling previous shutdown timeout
[18:51:35] Cancelling previous shutdown timeout
Last EH closed, waiting before shutting down
[18:51:35] Last EH closed, waiting before shutting down
Got delay-shutdown request while in shutdown timeout, delaying
[18:51:38] Got delay-shutdown request while in shutdown timeout, delaying
Cancelling previous shutdown timeout
[18:51:38] Cancelling previous shutdown timeout
[18:51:38] [127.0.0.1][0624c8c1][ManagementConnection] New connection established.
[18:51:38] [127.0.0.1][22b7030d][ExtensionHostConnection] New connection established.
[18:51:38] [127.0.0.1][22b7030d][ExtensionHostConnection] <3696> Launched Extension Host Process.
[IPC Library: Pty Host]  WARN Shell integration cannot be enabled for executable "/bin/sh" and args [
  '-c',
  'wget --version > /dev/null\n' +
    'if [ $? -eq 0 ]\n' +
    'then\n' +
    "\twget --connect-timeout=7 --tries=1 --dns-timeout=7 -q --header='Metadata:true' -O - http://169.254.169.254/metadata/instance?api-version=2019-03-11\n" +
    'else\n' +
    '\tcurl --version > /dev/null\n' +
    '\tif [ $? -eq 0 ]\n' +
    '\tthen\n' +
    "\t\tcurl --connect-timeout 7 -s --header='Metadata:true' http://169.254.169.254/metadata/instance?api-version=2019-03-11\n" +
    '\tfi\n' +
    'fi\n' +
    'exit 0'
]
[IPC Library: Pty Host]  WARN Shell integration cannot be enabled for executable "/bin/sh" and args [
  '-c',
  'wget --version > /dev/null\n' +
    'if [ $? -eq 0 ]\n' +
    'then\n' +
    '\twget --connect-timeout=7 --tries=1 --dns-timeout=7 -q  -O - http://169.254.169.254/latest/meta-data/instance-id\n' +
    'else\n' +
    '\tcurl --version > /dev/null\n' +
    '\tif [ $? -eq 0 ]\n' +
    '\tthen\n' +
    '\t\tcurl --connect-timeout 7 -s  http://169.254.169.254/latest/meta-data/instance-id\n' +
    '\tfi\n' +
    'fi\n' +
    'exit 0'
]
[IPC Library: Pty Host]  WARN Shell integration cannot be enabled for executable "/bin/sh" and args [
  '-c',
  'wget --version > /dev/null\n' +
    'if [ $? -eq 0 ]\n' +
    'then\n' +
    '\twget --connect-timeout=7 --tries=1 --dns-timeout=7 -q  -O - http://169.254.169.254/metadata/v1/id\n' +
    'else\n' +
    '\tcurl --version > /dev/null\n' +
    '\tif [ $? -eq 0 ]\n' +
    '\tthen\n' +
    '\t\tcurl --connect-timeout 7 -s  http://169.254.169.254/metadata/v1/id\n' +
    '\tfi\n' +
    'fi\n' +
    'exit 0'
]
[IPC Library: Pty Host]  WARN Shell integration cannot be enabled for executable "/bin/sh" and args [
  '-c',
  'wget --version > /dev/null\n' +
    'if [ $? -eq 0 ]\n' +
    'then\n' +
    "\twget --connect-timeout=7 --tries=1 --dns-timeout=7 -q --header='Metadata-Flavor:Google' -O - http://metadata.google.internal/computeMetadata/v1/instance/id\n" +
    'else\n' +
    '\tcurl --version > /dev/null\n' +
    '\tif [ $? -eq 0 ]\n' +
    '\tthen\n' +
    "\t\tcurl --connect-timeout 7 -s --header='Metadata-Flavor:Google' http://metadata.google.internal/computeMetadata/v1/instance/id\n" +
    '\tfi\n' +
    'fi\n' +
    'exit 0'
]
[18:51:57] Getting Manifest... golang.go
[18:51:57] Installing extension: golang.go
[18:51:58] Extracted extension to /home/myhuamobboss/.vscode-server/extensions/.0f9682c6-0e67-41d6-ae7d-805f5cc8245e: golang.go
[18:51:58] Renamed to /home/myhuamobboss/.vscode-server/extensions/golang.go-0.36.0
[18:51:58] Extracting completed. golang.go
[18:51:58] Extension installed successfully: golang.go
[18:52:57] Uninstalling extension from the profile: golang.go@0.36.0 file:///home/myhuamobboss/.vscode-server/data/User/extensions.json
[18:52:57] Marked extension as uninstalled golang.go-0.36.0
[18:52:57] Successfully uninstalled extension from the profile golang.go@0.36.0 file:///home/myhuamobboss/.vscode-server/data/User/extensions.json
[18:53:02] Getting Manifest... golang.go
[18:53:02] Installing extension: golang.go
[18:53:03] Removed the extension from uninstalled list: golang.go
[18:53:03] Extension installed successfully: golang.go
New EH opened, aborting shutdown
[18:56:38] New EH opened, aborting shutdown
[19:09:43] [127.0.0.1][22b7030d][ExtensionHostConnection] The client has reconnected.
[20:32:00] [127.0.0.1][0624c8c1][ManagementConnection] The client has reconnected.
[20:32:01] [127.0.0.1][22b7030d][ExtensionHostConnection] The client has reconnected.
[20:40:02] Error: read ECONNRESET
    at TCP.onStreamRead (node:internal/stream_base_commons:217:20) {
  errno: -104,
  code: 'ECONNRESET',
  syscall: 'read'
}
[20:40:02] [127.0.0.1][0624c8c1][ManagementConnection] The client has disconnected, will wait for reconnection 3h before disposing...
[21:34:08] [127.0.0.1][0624c8c1][ManagementConnection] Another client has connected, will shorten the wait for reconnection 5m before disposing...
[21:34:08] [127.0.0.1][0624c8c1][ManagementConnection] The client has reconnected.
[21:34:08] [127.0.0.1][22b7030d][ExtensionHostConnection] The client has reconnected.
[22:39:01] [127.0.0.1][0624c8c1][ManagementConnection] The client has disconnected gracefully, so the connection will be disposed.
[22:39:02] [127.0.0.1][22b7030d][ExtensionHostConnection] <3696> Extension Host Process exited with code: 0, signal: null.
Last EH closed, waiting before shutting down
[22:39:02] Last EH closed, waiting before shutting down
Got delay-shutdown request while in shutdown timeout, delaying
[22:39:17] Got delay-shutdown request while in shutdown timeout, delaying
Cancelling previous shutdown timeout
[22:39:17] Cancelling previous shutdown timeout
[22:39:17] [127.0.0.1][2720b37c][ManagementConnection] New connection established.
[22:39:17] [127.0.0.1][b8981dc5][ExtensionHostConnection] New connection established.
[22:39:17] [127.0.0.1][b8981dc5][ExtensionHostConnection] <30641> Launched Extension Host Process.
[IPC Library: Pty Host]  WARN Shell integration cannot be enabled for executable "/bin/sh" and args [
  '-c',
  'wget --version > /dev/null\n' +
    'if [ $? -eq 0 ]\n' +
    'then\n' +
    "\twget --connect-timeout=7 --tries=1 --dns-timeout=7 -q --header='Metadata:true' -O - http://169.254.169.254/metadata/instance?api-version=2019-03-11\n" +
    'else\n' +
    '\tcurl --version > /dev/null\n' +
    '\tif [ $? -eq 0 ]\n' +
    '\tthen\n' +
    "\t\tcurl --connect-timeout 7 -s --header='Metadata:true' http://169.254.169.254/metadata/instance?api-version=2019-03-11\n" +
    '\tfi\n' +
    'fi\n' +
    'exit 0'
]
[IPC Library: Pty Host]  WARN Shell integration cannot be enabled for executable "/bin/sh" and args [
  '-c',
  'wget --version > /dev/null\n' +
    'if [ $? -eq 0 ]\n' +
    'then\n' +
    '\twget --connect-timeout=7 --tries=1 --dns-timeout=7 -q  -O - http://169.254.169.254/latest/meta-data/instance-id\n' +
    'else\n' +
    '\tcurl --version > /dev/null\n' +
    '\tif [ $? -eq 0 ]\n' +
    '\tthen\n' +
    '\t\tcurl --connect-timeout 7 -s  http://169.254.169.254/latest/meta-data/instance-id\n' +
    '\tfi\n' +
    'fi\n' +
    'exit 0'
]
[IPC Library: Pty Host]  WARN Shell integration cannot be enabled for executable "/bin/sh" and args [
  '-c',
  'wget --version > /dev/null\n' +
    'if [ $? -eq 0 ]\n' +
    'then\n' +
    '\twget --connect-timeout=7 --tries=1 --dns-timeout=7 -q  -O - http://169.254.169.254/metadata/v1/id\n' +
    'else\n' +
    '\tcurl --version > /dev/null\n' +
    '\tif [ $? -eq 0 ]\n' +
    '\tthen\n' +
    '\t\tcurl --connect-timeout 7 -s  http://169.254.169.254/metadata/v1/id\n' +
    '\tfi\n' +
    'fi\n' +
    'exit 0'
]
[IPC Library: Pty Host]  WARN Shell integration cannot be enabled for executable "/bin/sh" and args [
  '-c',
  'wget --version > /dev/null\n' +
    'if [ $? -eq 0 ]\n' +
    'then\n' +
    "\twget --connect-timeout=7 --tries=1 --dns-timeout=7 -q --header='Metadata-Flavor:Google' -O - http://metadata.google.internal/computeMetadata/v1/instance/id\n" +
    'else\n' +
    '\tcurl --version > /dev/null\n' +
    '\tif [ $? -eq 0 ]\n' +
    '\tthen\n' +
    "\t\tcurl --connect-timeout 7 -s --header='Metadata-Flavor:Google' http://metadata.google.internal/computeMetadata/v1/instance/id\n" +
    '\tfi\n' +
    'fi\n' +
    'exit 0'
]
New EH opened, aborting shutdown
[22:44:17] New EH opened, aborting shutdown
[23:20:32] Getting Manifest... golang.go-nightly
[23:20:32] Installing extension: golang.go-nightly
[23:20:33] Extracted extension to /home/myhuamobboss/.vscode-server/extensions/.c61a3bb0-5cc1-4f18-beb8-ba0b928ab2f9: golang.go-nightly
[23:20:33] Renamed to /home/myhuamobboss/.vscode-server/extensions/golang.go-nightly-2022.12.1322
[23:20:33] Extracting completed. golang.go-nightly
[23:20:33] Extension installed successfully: golang.go-nightly
[23:20:44] Uninstalling extension from the profile: golang.go-nightly@2022.12.1322 file:///home/myhuamobboss/.vscode-server/data/User/extensions.json
[23:20:44] Marked extension as uninstalled golang.go-nightly-2022.12.1322
[23:20:44] Successfully uninstalled extension from the profile golang.go-nightly@2022.12.1322 file:///home/myhuamobboss/.vscode-server/data/User/extensions.json
