2022-12-17 22:39:21.481 [info] 日志级别: Info
2022-12-17 22:39:21.482 [info] 正在验证在以下位置找到的 git: "git"
2022-12-17 22:39:21.482 [info] 将使用位于 "2.17.1" 的 Git "git"
2022-12-17 22:39:21.482 [info] > git rev-parse --show-toplevel [10ms]
2022-12-17 22:39:21.482 [info] fatal: not a git repository (or any of the parent directories): .git
2022-12-17 22:39:21.482 [info] > git rev-parse --show-toplevel [4ms]
2022-12-17 22:39:21.482 [info] fatal: not a git repository (or any of the parent directories): .git
2022-12-17 22:39:21.482 [info] > git rev-parse --show-toplevel [7ms]
2022-12-17 22:39:21.482 [info] fatal: not a git repository (or any of the parent directories): .git
2022-12-17 22:39:21.482 [info] > git rev-parse --show-toplevel [8ms]
2022-12-17 22:39:21.482 [info] fatal: not a git repository (or any of the parent directories): .git
2022-12-17 22:39:21.482 [info] > git rev-parse --show-toplevel [8ms]
2022-12-17 22:39:21.482 [info] fatal: not a git repository (or any of the parent directories): .git
2022-12-17 22:39:21.482 [info] > git rev-parse --show-toplevel [2ms]
2022-12-17 22:39:21.482 [info] fatal: not a git repository (or any of the parent directories): .git
2022-12-17 22:39:21.482 [info] > git rev-parse --show-toplevel [2ms]
2022-12-17 22:39:21.482 [info] fatal: not a git repository (or any of the parent directories): .git
2022-12-17 22:39:45.158 [info] > git rev-parse --show-toplevel [11ms]
2022-12-17 22:39:45.158 [info] fatal: not a git repository (or any of the parent directories): .git
2022-12-17 23:17:02.637 [info] > git rev-parse --show-toplevel [12ms]
2022-12-17 23:17:02.638 [info] fatal: not a git repository (or any of the parent directories): .git
2022-12-17 23:17:06.414 [info] > git rev-parse --show-toplevel [10ms]
2022-12-17 23:17:06.414 [info] fatal: not a git repository (or any of the parent directories): .git
2022-12-17 23:18:58.106 [info] > git rev-parse --show-toplevel [8ms]
2022-12-17 23:18:58.106 [info] fatal: not a git repository (or any of the parent directories): .git
2022-12-17 23:19:00.359 [info] > git rev-parse --show-toplevel [9ms]
2022-12-17 23:19:00.359 [info] fatal: not a git repository (or any of the parent directories): .git
2022-12-17 23:20:33.858 [info] > git rev-parse --show-toplevel [4ms]
2022-12-17 23:20:33.858 [info] fatal: not a git repository (or any of the parent directories): .git
2022-12-17 23:20:33.906 [info] > git rev-parse --show-toplevel [3ms]
2022-12-17 23:20:33.907 [info] fatal: not a git repository (or any of the parent directories): .git
2022-12-17 23:20:48.538 [info] > git rev-parse --show-toplevel [10ms]
2022-12-17 23:20:48.538 [info] fatal: not a git repository (or any of the parent directories): .git
2022-12-17 23:28:04.673 [info] > git rev-parse --show-toplevel [11ms]
2022-12-17 23:28:04.674 [info] fatal: not a git repository (or any of the parent directories): .git
2022-12-17 23:30:49.050 [info] > git init [19ms]
2022-12-17 23:30:49.058 [info] > git rev-parse --show-toplevel [1ms]
2022-12-17 23:30:49.065 [info] > git rev-parse --git-dir --git-common-dir [0ms]
2022-12-17 23:30:49.075 [info] Open repository: /home/myhuamobboss
2022-12-17 23:30:49.115 [warning] No remotes found in the git config file.
2022-12-17 23:30:49.116 [info] > git for-each-ref --format=%(refname)%00%(upstream:short)%00%(objectname)%00%(upstream:track)%00%(upstream:remotename)%00%(upstream:remoteref) refs/heads/master refs/remotes/master [12ms]
2022-12-17 23:30:49.117 [info] > git config --get commit.template [24ms]
2022-12-17 23:30:49.118 [info] > git remote --verbose [3ms]
2022-12-17 23:30:49.138 [info] > git for-each-ref --sort -committerdate --format %(refname) %(objectname) %(*objectname) [3ms]
2022-12-17 23:30:49.267 [info] > git status -z -uall [140ms] (cancelled)
2022-12-17 23:30:50.263 [info] > git show --textconv :go/src/aroundstore/handler/router.go [40ms]
2022-12-17 23:30:50.263 [info] > git show --textconv :go/src/aroundstore/main.go [32ms]
2022-12-17 23:30:50.263 [info] > git show --textconv :go/src/aroundstore/handler/app.go [26ms]
2022-12-17 23:30:50.264 [info] > git ls-files --stage -- /home/myhuamobboss/go/src/aroundstore/main.go [10ms]
2022-12-17 23:30:50.265 [info] > git ls-files --stage -- /home/myhuamobboss/go/src/aroundstore/handler/router.go [21ms]
2022-12-17 23:30:50.270 [info] > git ls-files --stage -- /home/myhuamobboss/go/src/aroundstore/handler/app.go [9ms]
2022-12-17 23:30:50.572 [info] > git check-ignore -v -z --stdin [3ms]
2022-12-17 23:30:50.687 [info] > git ls-files --stage -- /home/myhuamobboss/go/src/aroundstore/main.go [8ms]
2022-12-17 23:30:50.688 [info] > git ls-files --stage -- /home/myhuamobboss/go/src/aroundstore/handler/router.go [17ms]
2022-12-17 23:30:50.690 [info] > git ls-files --stage -- /home/myhuamobboss/go/src/aroundstore/handler/app.go [5ms]
2022-12-17 23:30:50.877 [info] > git show --textconv :go/src/aroundstore/main.go [15ms]
2022-12-17 23:30:50.878 [info] > git show --textconv :go/src/aroundstore/handler/router.go [9ms]
2022-12-17 23:30:50.881 [info] > git show --textconv :go/src/aroundstore/handler/app.go [4ms]
2022-12-17 23:30:58.067 [info] > git config --get commit.template [21ms]
2022-12-17 23:30:58.105 [warning] No remotes found in the git config file.
2022-12-17 23:30:58.109 [info] > git for-each-ref --format=%(refname)%00%(upstream:short)%00%(objectname)%00%(upstream:track)%00%(upstream:remotename)%00%(upstream:remoteref) refs/heads/master refs/remotes/master [21ms]
2022-12-17 23:30:58.110 [info] > git remote --verbose [5ms]
2022-12-17 23:30:58.169 [info] > git for-each-ref --sort -committerdate --format %(refname) %(objectname) %(*objectname) [17ms]
2022-12-17 23:31:00.537 [info] > git status -z -uall [2406ms] (cancelled)
2022-12-17 23:31:01.196 [info] > git check-ignore -v -z --stdin [2ms]
2022-12-17 23:31:05.160 [info] > git check-ignore -v -z --stdin [6ms]
2022-12-17 23:31:10.006 [info] > git add -A -- . [20921ms]
2022-12-17 23:31:11.075 [info] > git -c user.useConfigOnly=true commit --quiet --allow-empty-message --file - --allow-empty-message [1036ms]
2022-12-17 23:31:11.076 [info] 
*** Please tell me who you are.

Run

  git config --global user.email "you@example.com"
  git config --global user.name "Your Name"

to set your account's default identity.
Omit --global to set the identity only in this repository.

fatal: no email was given and auto-detection is disabled
2022-12-17 23:31:11.111 [info] > git config --get-all user.name [7ms]
2022-12-17 23:31:11.450 [info] > git ls-files --stage -- /home/myhuamobboss/go/src/aroundstore/main.go [51ms]
2022-12-17 23:31:11.491 [info] > git ls-files --stage -- /home/myhuamobboss/go/src/aroundstore/handler/router.go [118ms]
2022-12-17 23:31:11.518 [info] > git cat-file -s 09e9bd1dffea80e93d42b478e94c413f0d423e97 [28ms]
2022-12-17 23:31:11.520 [info] > git ls-files --stage -- /home/myhuamobboss/go/src/aroundstore/handler/app.go [83ms]
2022-12-17 23:31:11.545 [info] > git cat-file -s 297b9b564ca5e0e40044c5d5c9e84654f2661c32 [30ms]
2022-12-17 23:31:11.548 [info] > git cat-file -s b3079a553faba71769dda4fcd85e588129f55f37 [4ms]
2022-12-17 23:31:11.696 [info] > git show --textconv :go/src/aroundstore/main.go [77ms]
2022-12-17 23:31:11.696 [info] > git show --textconv :go/src/aroundstore/handler/router.go [50ms]
2022-12-17 23:31:11.716 [info] > git show --textconv :go/src/aroundstore/handler/app.go [23ms]
2022-12-17 23:31:12.762 [info] > git check-ignore -v -z --stdin [655ms]
2022-12-17 23:31:12.809 [info] > git ls-files --stage -- /home/myhuamobboss/go/src/aroundstore/main.go [183ms]
2022-12-17 23:31:12.833 [info] > git ls-files --stage -- /home/myhuamobboss/go/src/aroundstore/handler/router.go [298ms]
2022-12-17 23:31:12.882 [info] > git cat-file -s 09e9bd1dffea80e93d42b478e94c413f0d423e97 [50ms]
2022-12-17 23:31:12.886 [info] > git ls-files --stage -- /home/myhuamobboss/go/src/aroundstore/handler/app.go [168ms]
2022-12-17 23:31:12.915 [info] > git cat-file -s 297b9b564ca5e0e40044c5d5c9e84654f2661c32 [38ms]
2022-12-17 23:31:12.924 [info] > git cat-file -s b3079a553faba71769dda4fcd85e588129f55f37 [12ms]
2022-12-17 23:31:13.069 [info] > git show --textconv :go/src/aroundstore/main.go [56ms]
2022-12-17 23:31:13.091 [info] > git show --textconv :go/src/aroundstore/handler/router.go [55ms]
2022-12-17 23:31:13.094 [info] > git show --textconv :go/src/aroundstore/handler/app.go [27ms]
2022-12-17 23:31:15.330 [info] > git check-ignore -v -z --stdin [277ms]
2022-12-17 23:31:40.384 [info] > git add -A -- . [148ms]
2022-12-17 23:31:40.445 [info] > git -c user.useConfigOnly=true commit --quiet --allow-empty-message --file - [49ms]
2022-12-17 23:31:40.445 [info] 
*** Please tell me who you are.

Run

  git config --global user.email "you@example.com"
  git config --global user.name "Your Name"

to set your account's default identity.
Omit --global to set the identity only in this repository.

fatal: no email was given and auto-detection is disabled
2022-12-17 23:31:40.455 [info] > git config --get-all user.name [2ms]
2022-12-17 23:31:41.830 [info] > git ls-files --stage -- /home/myhuamobboss/go/src/aroundstore/handler/router.go [18ms]
2022-12-17 23:31:41.839 [info] > git ls-files --stage -- /home/myhuamobboss/go/src/aroundstore/handler/app.go [9ms]
2022-12-17 23:31:41.847 [info] > git ls-files --stage -- /home/myhuamobboss/go/src/aroundstore/main.go [24ms]
2022-12-17 23:31:41.856 [info] > git cat-file -s 09e9bd1dffea80e93d42b478e94c413f0d423e97 [1ms]
2022-12-17 23:31:41.857 [info] > git cat-file -s b3079a553faba71769dda4fcd85e588129f55f37 [11ms]
2022-12-17 23:31:41.857 [info] > git cat-file -s 297b9b564ca5e0e40044c5d5c9e84654f2661c32 [20ms]
2022-12-17 23:31:41.941 [info] > git show --textconv :go/src/aroundstore/main.go [23ms]
2022-12-17 23:31:41.941 [info] > git show --textconv :go/src/aroundstore/handler/app.go [13ms]
2022-12-17 23:31:41.943 [info] > git show --textconv :go/src/aroundstore/handler/router.go [3ms]
2022-12-17 23:31:58.793 [info] > git add -A -- . [118ms]
2022-12-17 23:31:58.858 [info] > git -c user.useConfigOnly=true commit --quiet --allow-empty-message --file - [52ms]
2022-12-17 23:31:58.858 [info] 
*** Please tell me who you are.

Run

  git config --global user.email "you@example.com"
  git config --global user.name "Your Name"

to set your account's default identity.
Omit --global to set the identity only in this repository.

fatal: no email was given and auto-detection is disabled
2022-12-17 23:31:58.868 [info] > git config --get-all user.name [1ms]
2022-12-17 23:32:00.222 [info] > git ls-files --stage -- /home/myhuamobboss/go/src/aroundstore/main.go [14ms]
2022-12-17 23:32:00.232 [info] > git ls-files --stage -- /home/myhuamobboss/go/src/aroundstore/handler/router.go [35ms]
2022-12-17 23:32:00.240 [info] > git cat-file -s 297b9b564ca5e0e40044c5d5c9e84654f2661c32 [1ms]
2022-12-17 23:32:00.241 [info] > git cat-file -s 09e9bd1dffea80e93d42b478e94c413f0d423e97 [10ms]
2022-12-17 23:32:00.242 [info] > git ls-files --stage -- /home/myhuamobboss/go/src/aroundstore/handler/app.go [22ms]
2022-12-17 23:32:00.250 [info] > git cat-file -s b3079a553faba71769dda4fcd85e588129f55f37 [1ms]
2022-12-17 23:32:00.334 [info] > git show --textconv :go/src/aroundstore/handler/router.go [18ms]
2022-12-17 23:32:00.346 [info] > git show --textconv :go/src/aroundstore/main.go [12ms]
2022-12-17 23:32:00.351 [info] > git show --textconv :go/src/aroundstore/handler/app.go [6ms]
